The system is: Linux - 5.15.0-130-generic - x86_64
Compiling the C compiler identification source file "CMakeCCompilerId.c" succeeded.
Compiler: /opt/nvidia/hpc_sdk/Linux_x86_64/23.11/compilers/bin/nvc 
Build flags: 
Id flags:  

The output was:
0


Compilation of the C compiler identification source "CMakeCCompilerId.c" produced "a.out"

The C compiler identification is NVHPC, found in "/home/n.shestakov/Parallelizm_NSU/task2/build/CMakeFiles/3.22.1/CompilerIdC/a.out"

Compiling the CXX compiler identification source file "CMakeCXXCompilerId.cpp" succeeded.
Compiler: /opt/nvidia/hpc_sdk/Linux_x86_64/23.11/compilers/bin/nvc++ 
Build flags: 
Id flags:  

The output was:
0


Compilation of the CXX compiler identification source "CMakeCXXCompilerId.cpp" produced "a.out"

The CXX compiler identification is NVHPC, found in "/home/n.shestakov/Parallelizm_NSU/task2/build/CMakeFiles/3.22.1/CompilerIdCXX/a.out"

Detecting C compiler ABI info compiled with the following output:
Change Dir: /home/n.shestakov/Parallelizm_NSU/task2/build/CMakeFiles/CMakeTmp

Run Build Command(s):/usr/bin/gmake -f Makefile cmTC_89468/fast && /usr/bin/gmake  -f CMakeFiles/cmTC_89468.dir/build.make CMakeFiles/cmTC_89468.dir/build
gmake[1]: Entering directory '/home/n.shestakov/Parallelizm_NSU/task2/build/CMakeFiles/CMakeTmp'
Building C object CMakeFiles/cmTC_89468.dir/CMakeCCompilerABI.c.o
/opt/nvidia/hpc_sdk/Linux_x86_64/23.11/compilers/bin/nvc   -v -MD -MT CMakeFiles/cmTC_89468.dir/CMakeCCompilerABI.c.o -MF CMakeFiles/cmTC_89468.dir/CMakeCCompilerABI.c.o.d -o CMakeFiles/cmTC_89468.dir/CMakeCCompilerABI.c.o -c /usr/share/cmake-3.22/Modules/CMakeCCompilerABI.c
Export NVCOMPILER=/opt/nvidia/hpc_sdk/Linux_x86_64/23.11
Export PGI=/opt/nvidia/hpc_sdk
Create file CMakeFiles/cmTC_89468.dir/CMakeCCompilerABI.c.o.d

/opt/nvidia/hpc_sdk/Linux_x86_64/23.11/compilers/bin/tools/cpp1 --llalign -D__GNUC__=11 -D__GNUC_MINOR__=4 -D__GNUC_PATCHLEVEL__=0 -D__unix -D__unix__ -Dunix -Dlinux -D__linux -D__linux__ -D__NO_MATH_INLINES -D__LP64__ -D__x86_64 -D__x86_64__ -D__LONG_MAX__=9223372036854775807L '-D__SIZE_TYPE__=unsigned long int' '-D__PTRDIFF_TYPE__=long int' -D__amd64 -D__amd64__ -D__k8 -D__k8__ -D__MMX__ -D__SSE_MATH__ -D__MMX_WITH_SSE__ -D__SSE__ -D__SSE2__ -D__SSE2_MATH__ -D__SSE3__ -D__SSSE3__ -D__SSE4_1__ -D__SSE4_2__ -D__ABM__ -D__ADX__ -D__AES__ -D__AVX__ -D__AVX2__ -D__AVX512BW__ -D__AVX512CD__ -D__AVX512DQ__ -D__AVX512F__ -D__AVX512VL__ -D__AVX512VNNI__ -D__BMI__ -D__BMI2__ -D__CLFLUSHOPT__ -D__CLWB__ -D__CX16__ -D__F16C__ -D__FMA__ -D__FSGSBASE__ -D__FXSR__ -D__LZCNT__ -D__MOVBE__ -D__PCLMUL__ -D__PKU__ -D__POPCNT__ -D__PRFCHW__ -D__RDRND__ -D__RDSEED__ -D__LAHF_SAHF__ -D__XSAVE__ -D__XSAVEC__ -D__XSAVEOPT__ -D__XSAVES__ -D__PGI -D__NVCOMPILER -D_PGCG_SOURCE --c -I- -I/usr/local/pmix/include -I/usr/local/knem/include -I/usr/local/gdrcopy/include -I/opt/nvidia/hpc_sdk/Linux_x86_64/23.11/compilers/extras/qd/include/qd -I/opt/nvidia/hpc_sdk/Linux_x86_64/23.11/comm_libs/nvshmem/include -I/opt/nvidia/hpc_sdk/Linux_x86_64/23.11/comm_libs/nccl/include -I/opt/nvidia/hpc_sdk/Linux_x86_64/23.11/math_libs/include -I/usr/local/pmix/include -I/usr/local/knem/include -I/usr/local/gdrcopy/include --sys_include /opt/nvidia/hpc_sdk/Linux_x86_64/23.11/compilers/include --sys_include /opt/nvidia/hpc_sdk/Linux_x86_64/23.11/compilers/include-stdexec --sys_include /usr/local/gdrcopy/include --sys_include . --sys_include /usr/lib/gcc/x86_64-linux-gnu/11/include --sys_include /usr/local/include --sys_include /usr/include/x86_64-linux-gnu --sys_include /usr/include -D__PGLLVM__ -D__NVCOMPILER_LLVM__ -D__extension__= --preinclude _cplus_preinclude.h --preinclude_macros _cplus_macros.h --gnu_version=110400 -D__pgnu_vsn=110400 --no_fixed_bp --dependencies_target_to_stdout CMakeFiles/cmTC_89468.dir/CMakeCCompilerABI.c.o --dependencies_to_file CMakeFiles/cmTC_89468.dir/CMakeCCompilerABI.c.o.d -q -o /tmp/nvcFmaSeDiLxfbFw.il /usr/share/cmake-3.22/Modules/CMakeCCompilerABI.c

/opt/nvidia/hpc_sdk/Linux_x86_64/23.11/compilers/bin/tools/cpp2 /usr/share/cmake-3.22/Modules/CMakeCCompilerABI.c -opt 1 -x 119 0xa10000 -x 122 0x40 -x 123 0x1000 -x 127 4 -x 127 17 -x 19 0x400000 -x 28 0x40000 -x 120 0x10000000 -x 70 0x8000 -x 122 1 -x 125 0x20000 -quad -x 59 4 -tp cascadelake -x 120 0x1000 -astype 0 -x 121 1 -fn /usr/share/cmake-3.22/Modules/CMakeCCompilerABI.c -il /tmp/nvcFmaSeDiLxfbFw.il -x 123 0x80000000 -x 123 4 -x 2 0x400 -x 209 0x10 -x 119 0x20 -def __pgnu_vsn=110400 -x 70 0x40000000 -x 183 4 -x 121 0x800 -x 6 0x20000 -x 122 0x400000 -y 125 0x100000 -x 249 160 -x 120 0x200000 -x 70 0x40000000 -x 8 0x40000000 -x 164 0x800000 -x 71 0x2000 -x 71 0x4000 -x 34 0x40000000 -x 120 0x1000000 -x 73 0x04 -x 68 0x1 -x 39 4 -x 56 0x10 -x 26 0x10 -x 26 1 -x 56 0x4000 -x 197 0 -x 175 0 -x 203 0 -x 204 0 -y 163 0xc0000000 -x 189 0x10 -y 189 0x4000000 -x 60 512 -gnuvsn 110400 -x 69 0x200 -x 123 0x400 -cmdline '+nvc /tmp/nvcFmaSeDiLxfbFw.il -v -MD -MT CMakeFiles/cmTC_89468.dir/CMakeCCompilerABI.c.o -MF CMakeFiles/cmTC_89468.dir/CMakeCCompilerABI.c.o.d -o CMakeFiles/cmTC_89468.dir/CMakeCCompilerABI.c.o -c' -asm /tmp/nvcpmaSeTS-e_wVb.ll
NVC++/x86-64 Linux 23.11-0: compilation successful

/opt/nvidia/hpc_sdk/Linux_x86_64/23.11/compilers/share/llvm/bin/llc /tmp/nvcpmaSeTS-e_wVb.ll -march=x86-64 -mcpu=native -mattr=+mmx -mattr=+sse -mattr=+sse2 -mattr=+sse3 -mattr=+ssse3 -mattr=+sse4.1 -mattr=+sse4.2 -mattr=+avx -mattr=+avx2 -mattr=+avx512f -mattr=+avx512cd -mattr=+avx512vl -mattr=+avx512bw -mattr=+avx512dq -mattr=+avx512vnni -mattr=+f16c -mattr=+fma -mattr=+xsave -mattr=+xsaveopt -mattr=+xsavec -mattr=+xsaves -mattr=+popcnt -mattr=+aes -mattr=+pclmul -mattr=+clflushopt -mattr=+fsgsbase -mattr=+rdrnd -mattr=+bmi -mattr=+bmi2 -mattr=+lzcnt -mattr=+fxsr -mattr=+pku -mattr=+adx -mattr=+clwb -mattr=+cx16 -mattr=+movbe -mattr=+prfchw -mattr=+rdseed -mattr=+sahf -O1 -opaque-pointers -non-global-value-max-name-size=4294967295 -x86-cmov-converter=0 -dwarf-directory=false -override-aa-for-tbaa=true --align-all-functions=6 -filetype=obj --frame-pointer=none -o CMakeFiles/cmTC_89468.dir/CMakeCCompilerABI.c.o
Unlinking /tmp/nvcFmaSeDiLxfbFw.il
Unlinking /tmp/nvcxmaSefmU-_06B.s
Unlinking /tmp/nvcpmaSeTS-e_wVb.ll
Unlinking /tmp/nvchmaSevsDWEGhT.llvm
Linking C executable cmTC_89468
/usr/bin/cmake -E cmake_link_script CMakeFiles/cmTC_89468.dir/link.txt --verbose=1
/opt/nvidia/hpc_sdk/Linux_x86_64/23.11/compilers/bin/nvc  -v CMakeFiles/cmTC_89468.dir/CMakeCCompilerABI.c.o -o cmTC_89468 
Export NVCOMPILER=/opt/nvidia/hpc_sdk/Linux_x86_64/23.11
Export PGI=/opt/nvidia/hpc_sdk

/usr/bin/ld /usr/lib/x86_64-linux-gnu/crt1.o /usr/lib/x86_64-linux-gnu/crti.o /usr/lib/gcc/x86_64-linux-gnu/11//crtbegin.o --eh-frame-hdr -m elf_x86_64 -dynamic-linker /lib64/ld-linux-x86-64.so.2 -T /opt/nvidia/hpc_sdk/Linux_x86_64/23.11/compilers/lib/nvhpc.ld -L/usr/local/gdrcopy/lib64 -L/usr/local/gdrcopy/lib64 -L/opt/nvidia/hpc_sdk/Linux_x86_64/23.11/compilers/lib -L/usr/lib64 -L/usr/lib/gcc/x86_64-linux-gnu/11/ CMakeFiles/cmTC_89468.dir/CMakeCCompilerABI.c.o -rpath /opt/nvidia/hpc_sdk/Linux_x86_64/23.11/compilers/lib -o cmTC_89468 -L/usr/lib/gcc/x86_64-linux-gnu/11//../../../../lib64 -lnvomp -ldl --as-needed -lnvhpcatm -latomic --no-as-needed -lpthread -lnvcpumath -lnsnvc -lnvc -lgcc -lc -lgcc_s -lm /usr/lib/gcc/x86_64-linux-gnu/11//crtend.o /usr/lib/x86_64-linux-gnu/crtn.o
gmake[1]: Leaving directory '/home/n.shestakov/Parallelizm_NSU/task2/build/CMakeFiles/CMakeTmp'



Parsed C implicit include dir info from above output: rv=start
  warn: unable to parse implicit include dirs!


Parsed C implicit link information from above output:
  link line regex: [^( *|.*[/\])(ld|CMAKE_LINK_STARTFILE-NOTFOUND|([^/\]+-)?ld|collect2)[^/\]*( |$)]
  ignore line: [Change Dir: /home/n.shestakov/Parallelizm_NSU/task2/build/CMakeFiles/CMakeTmp]
  ignore line: []
  ignore line: [Run Build Command(s):/usr/bin/gmake -f Makefile cmTC_89468/fast && /usr/bin/gmake  -f CMakeFiles/cmTC_89468.dir/build.make CMakeFiles/cmTC_89468.dir/build]
  ignore line: [gmake[1]: Entering directory '/home/n.shestakov/Parallelizm_NSU/task2/build/CMakeFiles/CMakeTmp']
  ignore line: [Building C object CMakeFiles/cmTC_89468.dir/CMakeCCompilerABI.c.o]
  ignore line: [/opt/nvidia/hpc_sdk/Linux_x86_64/23.11/compilers/bin/nvc   -v -MD -MT CMakeFiles/cmTC_89468.dir/CMakeCCompilerABI.c.o -MF CMakeFiles/cmTC_89468.dir/CMakeCCompilerABI.c.o.d -o CMakeFiles/cmTC_89468.dir/CMakeCCompilerABI.c.o -c /usr/share/cmake-3.22/Modules/CMakeCCompilerABI.c]
  ignore line: [Export NVCOMPILER=/opt/nvidia/hpc_sdk/Linux_x86_64/23.11]
  ignore line: [Export PGI=/opt/nvidia/hpc_sdk]
  ignore line: [Create file CMakeFiles/cmTC_89468.dir/CMakeCCompilerABI.c.o.d]
  ignore line: []
  ignore line: [/opt/nvidia/hpc_sdk/Linux_x86_64/23.11/compilers/bin/tools/cpp1 --llalign -D__GNUC__=11 -D__GNUC_MINOR__=4 -D__GNUC_PATCHLEVEL__=0 -D__unix -D__unix__ -Dunix -Dlinux -D__linux -D__linux__ -D__NO_MATH_INLINES -D__LP64__ -D__x86_64 -D__x86_64__ -D__LONG_MAX__=9223372036854775807L '-D__SIZE_TYPE__=unsigned long int' '-D__PTRDIFF_TYPE__=long int' -D__amd64 -D__amd64__ -D__k8 -D__k8__ -D__MMX__ -D__SSE_MATH__ -D__MMX_WITH_SSE__ -D__SSE__ -D__SSE2__ -D__SSE2_MATH__ -D__SSE3__ -D__SSSE3__ -D__SSE4_1__ -D__SSE4_2__ -D__ABM__ -D__ADX__ -D__AES__ -D__AVX__ -D__AVX2__ -D__AVX512BW__ -D__AVX512CD__ -D__AVX512DQ__ -D__AVX512F__ -D__AVX512VL__ -D__AVX512VNNI__ -D__BMI__ -D__BMI2__ -D__CLFLUSHOPT__ -D__CLWB__ -D__CX16__ -D__F16C__ -D__FMA__ -D__FSGSBASE__ -D__FXSR__ -D__LZCNT__ -D__MOVBE__ -D__PCLMUL__ -D__PKU__ -D__POPCNT__ -D__PRFCHW__ -D__RDRND__ -D__RDSEED__ -D__LAHF_SAHF__ -D__XSAVE__ -D__XSAVEC__ -D__XSAVEOPT__ -D__XSAVES__ -D__PGI -D__NVCOMPILER -D_PGCG_SOURCE --c -I- -I/usr/local/pmix/include -I/usr/local/knem/include -I/usr/local/gdrcopy/include -I/opt/nvidia/hpc_sdk/Linux_x86_64/23.11/compilers/extras/qd/include/qd -I/opt/nvidia/hpc_sdk/Linux_x86_64/23.11/comm_libs/nvshmem/include -I/opt/nvidia/hpc_sdk/Linux_x86_64/23.11/comm_libs/nccl/include -I/opt/nvidia/hpc_sdk/Linux_x86_64/23.11/math_libs/include -I/usr/local/pmix/include -I/usr/local/knem/include -I/usr/local/gdrcopy/include --sys_include /opt/nvidia/hpc_sdk/Linux_x86_64/23.11/compilers/include --sys_include /opt/nvidia/hpc_sdk/Linux_x86_64/23.11/compilers/include-stdexec --sys_include /usr/local/gdrcopy/include --sys_include . --sys_include /usr/lib/gcc/x86_64-linux-gnu/11/include --sys_include /usr/local/include --sys_include /usr/include/x86_64-linux-gnu --sys_include /usr/include -D__PGLLVM__ -D__NVCOMPILER_LLVM__ -D__extension__= --preinclude _cplus_preinclude.h --preinclude_macros _cplus_macros.h --gnu_version=110400 -D__pgnu_vsn=110400 --no_fixed_bp --dependencies_target_to_stdout CMakeFiles/cmTC_89468.dir/CMakeCCompilerABI.c.o --dependencies_to_file CMakeFiles/cmTC_89468.dir/CMakeCCompilerABI.c.o.d -q -o /tmp/nvcFmaSeDiLxfbFw.il /usr/share/cmake-3.22/Modules/CMakeCCompilerABI.c]
  ignore line: []
  ignore line: [/opt/nvidia/hpc_sdk/Linux_x86_64/23.11/compilers/bin/tools/cpp2 /usr/share/cmake-3.22/Modules/CMakeCCompilerABI.c -opt 1 -x 119 0xa10000 -x 122 0x40 -x 123 0x1000 -x 127 4 -x 127 17 -x 19 0x400000 -x 28 0x40000 -x 120 0x10000000 -x 70 0x8000 -x 122 1 -x 125 0x20000 -quad -x 59 4 -tp cascadelake -x 120 0x1000 -astype 0 -x 121 1 -fn /usr/share/cmake-3.22/Modules/CMakeCCompilerABI.c -il /tmp/nvcFmaSeDiLxfbFw.il -x 123 0x80000000 -x 123 4 -x 2 0x400 -x 209 0x10 -x 119 0x20 -def __pgnu_vsn=110400 -x 70 0x40000000 -x 183 4 -x 121 0x800 -x 6 0x20000 -x 122 0x400000 -y 125 0x100000 -x 249 160 -x 120 0x200000 -x 70 0x40000000 -x 8 0x40000000 -x 164 0x800000 -x 71 0x2000 -x 71 0x4000 -x 34 0x40000000 -x 120 0x1000000 -x 73 0x04 -x 68 0x1 -x 39 4 -x 56 0x10 -x 26 0x10 -x 26 1 -x 56 0x4000 -x 197 0 -x 175 0 -x 203 0 -x 204 0 -y 163 0xc0000000 -x 189 0x10 -y 189 0x4000000 -x 60 512 -gnuvsn 110400 -x 69 0x200 -x 123 0x400 -cmdline '+nvc /tmp/nvcFmaSeDiLxfbFw.il -v -MD -MT CMakeFiles/cmTC_89468.dir/CMakeCCompilerABI.c.o -MF CMakeFiles/cmTC_89468.dir/CMakeCCompilerABI.c.o.d -o CMakeFiles/cmTC_89468.dir/CMakeCCompilerABI.c.o -c' -asm /tmp/nvcpmaSeTS-e_wVb.ll]
  ignore line: [NVC++/x86-64 Linux 23.11-0: compilation successful]
  ignore line: []
  ignore line: [/opt/nvidia/hpc_sdk/Linux_x86_64/23.11/compilers/share/llvm/bin/llc /tmp/nvcpmaSeTS-e_wVb.ll -march=x86-64 -mcpu=native -mattr=+mmx -mattr=+sse -mattr=+sse2 -mattr=+sse3 -mattr=+ssse3 -mattr=+sse4.1 -mattr=+sse4.2 -mattr=+avx -mattr=+avx2 -mattr=+avx512f -mattr=+avx512cd -mattr=+avx512vl -mattr=+avx512bw -mattr=+avx512dq -mattr=+avx512vnni -mattr=+f16c -mattr=+fma -mattr=+xsave -mattr=+xsaveopt -mattr=+xsavec -mattr=+xsaves -mattr=+popcnt -mattr=+aes -mattr=+pclmul -mattr=+clflushopt -mattr=+fsgsbase -mattr=+rdrnd -mattr=+bmi -mattr=+bmi2 -mattr=+lzcnt -mattr=+fxsr -mattr=+pku -mattr=+adx -mattr=+clwb -mattr=+cx16 -mattr=+movbe -mattr=+prfchw -mattr=+rdseed -mattr=+sahf -O1 -opaque-pointers -non-global-value-max-name-size=4294967295 -x86-cmov-converter=0 -dwarf-directory=false -override-aa-for-tbaa=true --align-all-functions=6 -filetype=obj --frame-pointer=none -o CMakeFiles/cmTC_89468.dir/CMakeCCompilerABI.c.o]
  ignore line: [Unlinking /tmp/nvcFmaSeDiLxfbFw.il]
  ignore line: [Unlinking /tmp/nvcxmaSefmU-_06B.s]
  ignore line: [Unlinking /tmp/nvcpmaSeTS-e_wVb.ll]
  ignore line: [Unlinking /tmp/nvchmaSevsDWEGhT.llvm]
  ignore line: [Linking C executable cmTC_89468]
  ignore line: [/usr/bin/cmake -E cmake_link_script CMakeFiles/cmTC_89468.dir/link.txt --verbose=1]
  ignore line: [/opt/nvidia/hpc_sdk/Linux_x86_64/23.11/compilers/bin/nvc  -v CMakeFiles/cmTC_89468.dir/CMakeCCompilerABI.c.o -o cmTC_89468 ]
  ignore line: [Export NVCOMPILER=/opt/nvidia/hpc_sdk/Linux_x86_64/23.11]
  ignore line: [Export PGI=/opt/nvidia/hpc_sdk]
  ignore line: []
  link line: [/usr/bin/ld /usr/lib/x86_64-linux-gnu/crt1.o /usr/lib/x86_64-linux-gnu/crti.o /usr/lib/gcc/x86_64-linux-gnu/11//crtbegin.o --eh-frame-hdr -m elf_x86_64 -dynamic-linker /lib64/ld-linux-x86-64.so.2 -T /opt/nvidia/hpc_sdk/Linux_x86_64/23.11/compilers/lib/nvhpc.ld -L/usr/local/gdrcopy/lib64 -L/usr/local/gdrcopy/lib64 -L/opt/nvidia/hpc_sdk/Linux_x86_64/23.11/compilers/lib -L/usr/lib64 -L/usr/lib/gcc/x86_64-linux-gnu/11/ CMakeFiles/cmTC_89468.dir/CMakeCCompilerABI.c.o -rpath /opt/nvidia/hpc_sdk/Linux_x86_64/23.11/compilers/lib -o cmTC_89468 -L/usr/lib/gcc/x86_64-linux-gnu/11//../../../../lib64 -lnvomp -ldl --as-needed -lnvhpcatm -latomic --no-as-needed -lpthread -lnvcpumath -lnsnvc -lnvc -lgcc -lc -lgcc_s -lm /usr/lib/gcc/x86_64-linux-gnu/11//crtend.o /usr/lib/x86_64-linux-gnu/crtn.o]
    arg [/usr/bin/ld] ==> ignore
    arg [/usr/lib/x86_64-linux-gnu/crt1.o] ==> obj [/usr/lib/x86_64-linux-gnu/crt1.o]
    arg [/usr/lib/x86_64-linux-gnu/crti.o] ==> obj [/usr/lib/x86_64-linux-gnu/crti.o]
    arg [/usr/lib/gcc/x86_64-linux-gnu/11//crtbegin.o] ==> obj [/usr/lib/gcc/x86_64-linux-gnu/11//crtbegin.o]
    arg [--eh-frame-hdr] ==> ignore
    arg [-m] ==> ignore
    arg [elf_x86_64] ==> ignore
    arg [-dynamic-linker] ==> ignore
    arg [/lib64/ld-linux-x86-64.so.2] ==> ignore
    arg [-T] ==> ignore
    arg [/opt/nvidia/hpc_sdk/Linux_x86_64/23.11/compilers/lib/nvhpc.ld] ==> ignore
    arg [-L/usr/local/gdrcopy/lib64] ==> dir [/usr/local/gdrcopy/lib64]
    arg [-L/usr/local/gdrcopy/lib64] ==> dir [/usr/local/gdrcopy/lib64]
    arg [-L/opt/nvidia/hpc_sdk/Linux_x86_64/23.11/compilers/lib] ==> dir [/opt/nvidia/hpc_sdk/Linux_x86_64/23.11/compilers/lib]
    arg [-L/usr/lib64] ==> dir [/usr/lib64]
    arg [-L/usr/lib/gcc/x86_64-linux-gnu/11/] ==> dir [/usr/lib/gcc/x86_64-linux-gnu/11/]
    arg [CMakeFiles/cmTC_89468.dir/CMakeCCompilerABI.c.o] ==> ignore
    arg [-rpath] ==> ignore
    arg [/opt/nvidia/hpc_sdk/Linux_x86_64/23.11/compilers/lib] ==> ignore
    arg [-o] ==> ignore
    arg [cmTC_89468] ==> ignore
    arg [-L/usr/lib/gcc/x86_64-linux-gnu/11//../../../../lib64] ==> dir [/usr/lib/gcc/x86_64-linux-gnu/11//../../../../lib64]
    arg [-lnvomp] ==> lib [nvomp]
    arg [-ldl] ==> lib [dl]
    arg [--as-needed] ==> ignore
    arg [-lnvhpcatm] ==> lib [nvhpcatm]
    arg [-latomic] ==> lib [atomic]
    arg [--no-as-needed] ==> ignore
    arg [-lpthread] ==> lib [pthread]
    arg [-lnvcpumath] ==> lib [nvcpumath]
    arg [-lnsnvc] ==> lib [nsnvc]
    arg [-lnvc] ==> lib [nvc]
    arg [-lgcc] ==> lib [gcc]
    arg [-lc] ==> lib [c]
    arg [-lgcc_s] ==> lib [gcc_s]
    arg [-lm] ==> lib [m]
    arg [/usr/lib/gcc/x86_64-linux-gnu/11//crtend.o] ==> obj [/usr/lib/gcc/x86_64-linux-gnu/11//crtend.o]
    arg [/usr/lib/x86_64-linux-gnu/crtn.o] ==> obj [/usr/lib/x86_64-linux-gnu/crtn.o]
  collapse obj [/usr/lib/gcc/x86_64-linux-gnu/11//crtbegin.o] ==> [/usr/lib/gcc/x86_64-linux-gnu/11/crtbegin.o]
  collapse obj [/usr/lib/gcc/x86_64-linux-gnu/11//crtend.o] ==> [/usr/lib/gcc/x86_64-linux-gnu/11/crtend.o]
  collapse library dir [/usr/local/gdrcopy/lib64] ==> [/usr/local/gdrcopy/lib64]
  collapse library dir [/usr/local/gdrcopy/lib64] ==> [/usr/local/gdrcopy/lib64]
  collapse library dir [/opt/nvidia/hpc_sdk/Linux_x86_64/23.11/compilers/lib] ==> [/opt/nvidia/hpc_sdk/Linux_x86_64/23.11/compilers/lib]
  collapse library dir [/usr/lib64] ==> [/usr/lib64]
  collapse library dir [/usr/lib/gcc/x86_64-linux-gnu/11/] ==> [/usr/lib/gcc/x86_64-linux-gnu/11]
  collapse library dir [/usr/lib/gcc/x86_64-linux-gnu/11//../../../../lib64] ==> [/usr/lib64]
  implicit libs: [nvomp;dl;nvhpcatm;atomic;pthread;nvcpumath;nsnvc;nvc;gcc;c;gcc_s;m]
  implicit objs: [/usr/lib/x86_64-linux-gnu/crt1.o;/usr/lib/x86_64-linux-gnu/crti.o;/usr/lib/gcc/x86_64-linux-gnu/11/crtbegin.o;/usr/lib/gcc/x86_64-linux-gnu/11/crtend.o;/usr/lib/x86_64-linux-gnu/crtn.o]
  implicit dirs: [/usr/local/gdrcopy/lib64;/opt/nvidia/hpc_sdk/Linux_x86_64/23.11/compilers/lib;/usr/lib64;/usr/lib/gcc/x86_64-linux-gnu/11]
  implicit fwks: []


Detecting CXX compiler ABI info compiled with the following output:
Change Dir: /home/n.shestakov/Parallelizm_NSU/task2/build/CMakeFiles/CMakeTmp

Run Build Command(s):/usr/bin/gmake -f Makefile cmTC_358e6/fast && /usr/bin/gmake  -f CMakeFiles/cmTC_358e6.dir/build.make CMakeFiles/cmTC_358e6.dir/build
gmake[1]: Entering directory '/home/n.shestakov/Parallelizm_NSU/task2/build/CMakeFiles/CMakeTmp'
Building CXX object CMakeFiles/cmTC_358e6.dir/CMakeCXXCompilerABI.cpp.o
/opt/nvidia/hpc_sdk/Linux_x86_64/23.11/compilers/bin/nvc++   -v -MD -MT CMakeFiles/cmTC_358e6.dir/CMakeCXXCompilerABI.cpp.o -MF CMakeFiles/cmTC_358e6.dir/CMakeCXXCompilerABI.cpp.o.d -o CMakeFiles/cmTC_358e6.dir/CMakeCXXCompilerABI.cpp.o -c /usr/share/cmake-3.22/Modules/CMakeCXXCompilerABI.cpp
Export NVCOMPILER=/opt/nvidia/hpc_sdk/Linux_x86_64/23.11
Export PGI=/opt/nvidia/hpc_sdk
Create file CMakeFiles/cmTC_358e6.dir/CMakeCXXCompilerABI.cpp.o.d

/opt/nvidia/hpc_sdk/Linux_x86_64/23.11/compilers/bin/tools/cpp1 --llalign -D__GNUC__=11 -D__GNUC_MINOR__=4 -D__GNUC_PATCHLEVEL__=0 -D__unix -D__unix__ -Dunix -Dlinux -D__linux -D__linux__ -D__NO_MATH_INLINES -D__LP64__ -D__x86_64 -D__x86_64__ -D__LONG_MAX__=9223372036854775807L '-D__SIZE_TYPE__=unsigned long int' '-D__PTRDIFF_TYPE__=long int' -D__amd64 -D__amd64__ -D__k8 -D__k8__ -D__MMX__ -D__SSE_MATH__ -D__MMX_WITH_SSE__ -D__SSE__ -D__SSE2__ -D__SSE2_MATH__ -D__SSE3__ -D__SSSE3__ -D__SSE4_1__ -D__SSE4_2__ -D__ABM__ -D__ADX__ -D__AES__ -D__AVX__ -D__AVX2__ -D__AVX512BW__ -D__AVX512CD__ -D__AVX512DQ__ -D__AVX512F__ -D__AVX512VL__ -D__AVX512VNNI__ -D__BMI__ -D__BMI2__ -D__CLFLUSHOPT__ -D__CLWB__ -D__CX16__ -D__F16C__ -D__FMA__ -D__FSGSBASE__ -D__FXSR__ -D__LZCNT__ -D__MOVBE__ -D__PCLMUL__ -D__PKU__ -D__POPCNT__ -D__PRFCHW__ -D__RDRND__ -D__RDSEED__ -D__LAHF_SAHF__ -D__XSAVE__ -D__XSAVEC__ -D__XSAVEOPT__ -D__XSAVES__ -D__PGI -D__NVCOMPILER -D_GNU_SOURCE -D_PGCG_SOURCE -I- -I/usr/local/pmix/include -I/usr/local/knem/include -I/usr/local/gdrcopy/include -I/opt/nvidia/hpc_sdk/Linux_x86_64/23.11/compilers/extras/qd/include/qd -I/opt/nvidia/hpc_sdk/Linux_x86_64/23.11/comm_libs/nvshmem/include -I/opt/nvidia/hpc_sdk/Linux_x86_64/23.11/comm_libs/nccl/include -I/opt/nvidia/hpc_sdk/Linux_x86_64/23.11/math_libs/include -I/usr/local/pmix/include -I/usr/local/knem/include -I/usr/local/gdrcopy/include --sys_include /opt/nvidia/hpc_sdk/Linux_x86_64/23.11/compilers/include --sys_include /opt/nvidia/hpc_sdk/Linux_x86_64/23.11/compilers/include-stdexec --sys_include /usr/local/gdrcopy/include --sys_include . --sys_include /usr/include/c++/11 --sys_include /usr/include/x86_64-linux-gnu/c++/11 --sys_include /usr/include/c++/11/backward --sys_include /usr/lib/gcc/x86_64-linux-gnu/11/include --sys_include /usr/local/include --sys_include /usr/include/x86_64-linux-gnu --sys_include /usr/include -D__PGLLVM__ -D__NVCOMPILER_LLVM__ -D__extension__= --preinclude _cplus_preinclude.h --preinclude_macros _cplus_macros.h --gnu_version=110400 -D__pgnu_vsn=110400 --no_fixed_bp --dependencies_target_to_stdout CMakeFiles/cmTC_358e6.dir/CMakeCXXCompilerABI.cpp.o --dependencies_to_file CMakeFiles/cmTC_358e6.dir/CMakeCXXCompilerABI.cpp.o.d -q -o /tmp/nvc++sDaSe2D7a-4h6.il /usr/share/cmake-3.22/Modules/CMakeCXXCompilerABI.cpp

/opt/nvidia/hpc_sdk/Linux_x86_64/23.11/compilers/bin/tools/cpp2 /usr/share/cmake-3.22/Modules/CMakeCXXCompilerABI.cpp -opt 1 -x 119 0xa10000 -x 122 0x40 -x 123 0x1000 -x 127 4 -x 127 17 -x 19 0x400000 -x 28 0x40000 -x 120 0x10000000 -x 70 0x8000 -x 122 1 -x 125 0x20000 -quad -x 59 4 -tp cascadelake -x 120 0x1000 -astype 0 -x 121 1 -fn /usr/share/cmake-3.22/Modules/CMakeCXXCompilerABI.cpp -il /tmp/nvc++sDaSe2D7a-4h6.il -x 117 0x200 -x 123 0x80000000 -x 123 4 -x 2 0x400 -x 209 0x10 -x 119 0x20 -def __pgnu_vsn=110400 -x 70 0x40000000 -x 183 4 -x 121 0x800 -x 6 0x20000 -x 249 160 -x 120 0x200000 -x 70 0x40000000 -x 8 0x40000000 -x 164 0x800000 -x 71 0x2000 -x 71 0x4000 -x 34 0x40000000 -x 120 0x1000000 -x 73 0x04 -x 68 0x1 -x 39 4 -x 56 0x10 -x 26 0x10 -x 26 1 -x 56 0x4000 -x 197 0 -x 175 0 -x 203 0 -x 204 0 -y 163 0xc0000000 -x 189 0x10 -y 189 0x4000000 -x 60 512 -gnuvsn 110400 -x 69 0x200 -x 123 0x400 -cmdline '+nvc++ /tmp/nvc++sDaSe2D7a-4h6.il -v -MD -MT CMakeFiles/cmTC_358e6.dir/CMakeCXXCompilerABI.cpp.o -MF CMakeFiles/cmTC_358e6.dir/CMakeCXXCompilerABI.cpp.o.d -o CMakeFiles/cmTC_358e6.dir/CMakeCXXCompilerABI.cpp.o -c' -asm /tmp/nvc++YDaSewXq9mThx.ll
NVC++/x86-64 Linux 23.11-0: compilation successful

/opt/nvidia/hpc_sdk/Linux_x86_64/23.11/compilers/share/llvm/bin/llc /tmp/nvc++YDaSewXq9mThx.ll -march=x86-64 -mcpu=native -mattr=+mmx -mattr=+sse -mattr=+sse2 -mattr=+sse3 -mattr=+ssse3 -mattr=+sse4.1 -mattr=+sse4.2 -mattr=+avx -mattr=+avx2 -mattr=+avx512f -mattr=+avx512cd -mattr=+avx512vl -mattr=+avx512bw -mattr=+avx512dq -mattr=+avx512vnni -mattr=+f16c -mattr=+fma -mattr=+xsave -mattr=+xsaveopt -mattr=+xsavec -mattr=+xsaves -mattr=+popcnt -mattr=+aes -mattr=+pclmul -mattr=+clflushopt -mattr=+fsgsbase -mattr=+rdrnd -mattr=+bmi -mattr=+bmi2 -mattr=+lzcnt -mattr=+fxsr -mattr=+pku -mattr=+adx -mattr=+clwb -mattr=+cx16 -mattr=+movbe -mattr=+prfchw -mattr=+rdseed -mattr=+sahf -O1 -opaque-pointers -non-global-value-max-name-size=4294967295 -x86-cmov-converter=0 -dwarf-directory=false -override-aa-for-tbaa=true --align-all-functions=6 -filetype=obj --frame-pointer=none -o CMakeFiles/cmTC_358e6.dir/CMakeCXXCompilerABI.cpp.o
Unlinking /tmp/nvc++sDaSe2D7a-4h6.il
Unlinking /tmp/nvc++IDaSeMmx50CWV.s
Unlinking /tmp/nvc++YDaSewXq9mThx.ll
Unlinking /tmp/nvc++cDaSeg8wOLlXG.llvm
Linking CXX executable cmTC_358e6
/usr/bin/cmake -E cmake_link_script CMakeFiles/cmTC_358e6.dir/link.txt --verbose=1
/opt/nvidia/hpc_sdk/Linux_x86_64/23.11/compilers/bin/nvc++  -v CMakeFiles/cmTC_358e6.dir/CMakeCXXCompilerABI.cpp.o -o cmTC_358e6 
Export NVCOMPILER=/opt/nvidia/hpc_sdk/Linux_x86_64/23.11
Export PGI=/opt/nvidia/hpc_sdk

/usr/bin/ld /usr/lib/x86_64-linux-gnu/crt1.o /usr/lib/x86_64-linux-gnu/crti.o /usr/lib/gcc/x86_64-linux-gnu/11//crtbegin.o --eh-frame-hdr -m elf_x86_64 -dynamic-linker /lib64/ld-linux-x86-64.so.2 -T /opt/nvidia/hpc_sdk/Linux_x86_64/23.11/compilers/lib/nvhpc.ld -L/usr/local/gdrcopy/lib64 -L/usr/local/gdrcopy/lib64 -L/opt/nvidia/hpc_sdk/Linux_x86_64/23.11/compilers/lib -L/usr/lib64 -L/usr/lib/gcc/x86_64-linux-gnu/11/ CMakeFiles/cmTC_358e6.dir/CMakeCXXCompilerABI.cpp.o -rpath /opt/nvidia/hpc_sdk/Linux_x86_64/23.11/compilers/lib -o cmTC_358e6 -L/usr/lib/gcc/x86_64-linux-gnu/11//../../../../lib64 -latomic -lnvhpcatm -lstdc++ -lnvomp -ldl --as-needed -lnvhpcatm -latomic --no-as-needed -lpthread -lnvcpumath -lnsnvc -lnvc -lgcc -lc -lgcc_s -lm /usr/lib/gcc/x86_64-linux-gnu/11//crtend.o /usr/lib/x86_64-linux-gnu/crtn.o
gmake[1]: Leaving directory '/home/n.shestakov/Parallelizm_NSU/task2/build/CMakeFiles/CMakeTmp'



Parsed CXX implicit include dir info from above output: rv=start
  warn: unable to parse implicit include dirs!


Parsed CXX implicit link information from above output:
  link line regex: [^( *|.*[/\])(ld|CMAKE_LINK_STARTFILE-NOTFOUND|([^/\]+-)?ld|collect2)[^/\]*( |$)]
  ignore line: [Change Dir: /home/n.shestakov/Parallelizm_NSU/task2/build/CMakeFiles/CMakeTmp]
  ignore line: []
  ignore line: [Run Build Command(s):/usr/bin/gmake -f Makefile cmTC_358e6/fast && /usr/bin/gmake  -f CMakeFiles/cmTC_358e6.dir/build.make CMakeFiles/cmTC_358e6.dir/build]
  ignore line: [gmake[1]: Entering directory '/home/n.shestakov/Parallelizm_NSU/task2/build/CMakeFiles/CMakeTmp']
  ignore line: [Building CXX object CMakeFiles/cmTC_358e6.dir/CMakeCXXCompilerABI.cpp.o]
  ignore line: [/opt/nvidia/hpc_sdk/Linux_x86_64/23.11/compilers/bin/nvc++   -v -MD -MT CMakeFiles/cmTC_358e6.dir/CMakeCXXCompilerABI.cpp.o -MF CMakeFiles/cmTC_358e6.dir/CMakeCXXCompilerABI.cpp.o.d -o CMakeFiles/cmTC_358e6.dir/CMakeCXXCompilerABI.cpp.o -c /usr/share/cmake-3.22/Modules/CMakeCXXCompilerABI.cpp]
  ignore line: [Export NVCOMPILER=/opt/nvidia/hpc_sdk/Linux_x86_64/23.11]
  ignore line: [Export PGI=/opt/nvidia/hpc_sdk]
  ignore line: [Create file CMakeFiles/cmTC_358e6.dir/CMakeCXXCompilerABI.cpp.o.d]
  ignore line: []
  ignore line: [/opt/nvidia/hpc_sdk/Linux_x86_64/23.11/compilers/bin/tools/cpp1 --llalign -D__GNUC__=11 -D__GNUC_MINOR__=4 -D__GNUC_PATCHLEVEL__=0 -D__unix -D__unix__ -Dunix -Dlinux -D__linux -D__linux__ -D__NO_MATH_INLINES -D__LP64__ -D__x86_64 -D__x86_64__ -D__LONG_MAX__=9223372036854775807L '-D__SIZE_TYPE__=unsigned long int' '-D__PTRDIFF_TYPE__=long int' -D__amd64 -D__amd64__ -D__k8 -D__k8__ -D__MMX__ -D__SSE_MATH__ -D__MMX_WITH_SSE__ -D__SSE__ -D__SSE2__ -D__SSE2_MATH__ -D__SSE3__ -D__SSSE3__ -D__SSE4_1__ -D__SSE4_2__ -D__ABM__ -D__ADX__ -D__AES__ -D__AVX__ -D__AVX2__ -D__AVX512BW__ -D__AVX512CD__ -D__AVX512DQ__ -D__AVX512F__ -D__AVX512VL__ -D__AVX512VNNI__ -D__BMI__ -D__BMI2__ -D__CLFLUSHOPT__ -D__CLWB__ -D__CX16__ -D__F16C__ -D__FMA__ -D__FSGSBASE__ -D__FXSR__ -D__LZCNT__ -D__MOVBE__ -D__PCLMUL__ -D__PKU__ -D__POPCNT__ -D__PRFCHW__ -D__RDRND__ -D__RDSEED__ -D__LAHF_SAHF__ -D__XSAVE__ -D__XSAVEC__ -D__XSAVEOPT__ -D__XSAVES__ -D__PGI -D__NVCOMPILER -D_GNU_SOURCE -D_PGCG_SOURCE -I- -I/usr/local/pmix/include -I/usr/local/knem/include -I/usr/local/gdrcopy/include -I/opt/nvidia/hpc_sdk/Linux_x86_64/23.11/compilers/extras/qd/include/qd -I/opt/nvidia/hpc_sdk/Linux_x86_64/23.11/comm_libs/nvshmem/include -I/opt/nvidia/hpc_sdk/Linux_x86_64/23.11/comm_libs/nccl/include -I/opt/nvidia/hpc_sdk/Linux_x86_64/23.11/math_libs/include -I/usr/local/pmix/include -I/usr/local/knem/include -I/usr/local/gdrcopy/include --sys_include /opt/nvidia/hpc_sdk/Linux_x86_64/23.11/compilers/include --sys_include /opt/nvidia/hpc_sdk/Linux_x86_64/23.11/compilers/include-stdexec --sys_include /usr/local/gdrcopy/include --sys_include . --sys_include /usr/include/c++/11 --sys_include /usr/include/x86_64-linux-gnu/c++/11 --sys_include /usr/include/c++/11/backward --sys_include /usr/lib/gcc/x86_64-linux-gnu/11/include --sys_include /usr/local/include --sys_include /usr/include/x86_64-linux-gnu --sys_include /usr/include -D__PGLLVM__ -D__NVCOMPILER_LLVM__ -D__extension__= --preinclude _cplus_preinclude.h --preinclude_macros _cplus_macros.h --gnu_version=110400 -D__pgnu_vsn=110400 --no_fixed_bp --dependencies_target_to_stdout CMakeFiles/cmTC_358e6.dir/CMakeCXXCompilerABI.cpp.o --dependencies_to_file CMakeFiles/cmTC_358e6.dir/CMakeCXXCompilerABI.cpp.o.d -q -o /tmp/nvc++sDaSe2D7a-4h6.il /usr/share/cmake-3.22/Modules/CMakeCXXCompilerABI.cpp]
  ignore line: []
  ignore line: [/opt/nvidia/hpc_sdk/Linux_x86_64/23.11/compilers/bin/tools/cpp2 /usr/share/cmake-3.22/Modules/CMakeCXXCompilerABI.cpp -opt 1 -x 119 0xa10000 -x 122 0x40 -x 123 0x1000 -x 127 4 -x 127 17 -x 19 0x400000 -x 28 0x40000 -x 120 0x10000000 -x 70 0x8000 -x 122 1 -x 125 0x20000 -quad -x 59 4 -tp cascadelake -x 120 0x1000 -astype 0 -x 121 1 -fn /usr/share/cmake-3.22/Modules/CMakeCXXCompilerABI.cpp -il /tmp/nvc++sDaSe2D7a-4h6.il -x 117 0x200 -x 123 0x80000000 -x 123 4 -x 2 0x400 -x 209 0x10 -x 119 0x20 -def __pgnu_vsn=110400 -x 70 0x40000000 -x 183 4 -x 121 0x800 -x 6 0x20000 -x 249 160 -x 120 0x200000 -x 70 0x40000000 -x 8 0x40000000 -x 164 0x800000 -x 71 0x2000 -x 71 0x4000 -x 34 0x40000000 -x 120 0x1000000 -x 73 0x04 -x 68 0x1 -x 39 4 -x 56 0x10 -x 26 0x10 -x 26 1 -x 56 0x4000 -x 197 0 -x 175 0 -x 203 0 -x 204 0 -y 163 0xc0000000 -x 189 0x10 -y 189 0x4000000 -x 60 512 -gnuvsn 110400 -x 69 0x200 -x 123 0x400 -cmdline '+nvc++ /tmp/nvc++sDaSe2D7a-4h6.il -v -MD -MT CMakeFiles/cmTC_358e6.dir/CMakeCXXCompilerABI.cpp.o -MF CMakeFiles/cmTC_358e6.dir/CMakeCXXCompilerABI.cpp.o.d -o CMakeFiles/cmTC_358e6.dir/CMakeCXXCompilerABI.cpp.o -c' -asm /tmp/nvc++YDaSewXq9mThx.ll]
  ignore line: [NVC++/x86-64 Linux 23.11-0: compilation successful]
  ignore line: []
  ignore line: [/opt/nvidia/hpc_sdk/Linux_x86_64/23.11/compilers/share/llvm/bin/llc /tmp/nvc++YDaSewXq9mThx.ll -march=x86-64 -mcpu=native -mattr=+mmx -mattr=+sse -mattr=+sse2 -mattr=+sse3 -mattr=+ssse3 -mattr=+sse4.1 -mattr=+sse4.2 -mattr=+avx -mattr=+avx2 -mattr=+avx512f -mattr=+avx512cd -mattr=+avx512vl -mattr=+avx512bw -mattr=+avx512dq -mattr=+avx512vnni -mattr=+f16c -mattr=+fma -mattr=+xsave -mattr=+xsaveopt -mattr=+xsavec -mattr=+xsaves -mattr=+popcnt -mattr=+aes -mattr=+pclmul -mattr=+clflushopt -mattr=+fsgsbase -mattr=+rdrnd -mattr=+bmi -mattr=+bmi2 -mattr=+lzcnt -mattr=+fxsr -mattr=+pku -mattr=+adx -mattr=+clwb -mattr=+cx16 -mattr=+movbe -mattr=+prfchw -mattr=+rdseed -mattr=+sahf -O1 -opaque-pointers -non-global-value-max-name-size=4294967295 -x86-cmov-converter=0 -dwarf-directory=false -override-aa-for-tbaa=true --align-all-functions=6 -filetype=obj --frame-pointer=none -o CMakeFiles/cmTC_358e6.dir/CMakeCXXCompilerABI.cpp.o]
  ignore line: [Unlinking /tmp/nvc++sDaSe2D7a-4h6.il]
  ignore line: [Unlinking /tmp/nvc++IDaSeMmx50CWV.s]
  ignore line: [Unlinking /tmp/nvc++YDaSewXq9mThx.ll]
  ignore line: [Unlinking /tmp/nvc++cDaSeg8wOLlXG.llvm]
  ignore line: [Linking CXX executable cmTC_358e6]
  ignore line: [/usr/bin/cmake -E cmake_link_script CMakeFiles/cmTC_358e6.dir/link.txt --verbose=1]
  ignore line: [/opt/nvidia/hpc_sdk/Linux_x86_64/23.11/compilers/bin/nvc++  -v CMakeFiles/cmTC_358e6.dir/CMakeCXXCompilerABI.cpp.o -o cmTC_358e6 ]
  ignore line: [Export NVCOMPILER=/opt/nvidia/hpc_sdk/Linux_x86_64/23.11]
  ignore line: [Export PGI=/opt/nvidia/hpc_sdk]
  ignore line: []
  link line: [/usr/bin/ld /usr/lib/x86_64-linux-gnu/crt1.o /usr/lib/x86_64-linux-gnu/crti.o /usr/lib/gcc/x86_64-linux-gnu/11//crtbegin.o --eh-frame-hdr -m elf_x86_64 -dynamic-linker /lib64/ld-linux-x86-64.so.2 -T /opt/nvidia/hpc_sdk/Linux_x86_64/23.11/compilers/lib/nvhpc.ld -L/usr/local/gdrcopy/lib64 -L/usr/local/gdrcopy/lib64 -L/opt/nvidia/hpc_sdk/Linux_x86_64/23.11/compilers/lib -L/usr/lib64 -L/usr/lib/gcc/x86_64-linux-gnu/11/ CMakeFiles/cmTC_358e6.dir/CMakeCXXCompilerABI.cpp.o -rpath /opt/nvidia/hpc_sdk/Linux_x86_64/23.11/compilers/lib -o cmTC_358e6 -L/usr/lib/gcc/x86_64-linux-gnu/11//../../../../lib64 -latomic -lnvhpcatm -lstdc++ -lnvomp -ldl --as-needed -lnvhpcatm -latomic --no-as-needed -lpthread -lnvcpumath -lnsnvc -lnvc -lgcc -lc -lgcc_s -lm /usr/lib/gcc/x86_64-linux-gnu/11//crtend.o /usr/lib/x86_64-linux-gnu/crtn.o]
    arg [/usr/bin/ld] ==> ignore
    arg [/usr/lib/x86_64-linux-gnu/crt1.o] ==> obj [/usr/lib/x86_64-linux-gnu/crt1.o]
    arg [/usr/lib/x86_64-linux-gnu/crti.o] ==> obj [/usr/lib/x86_64-linux-gnu/crti.o]
    arg [/usr/lib/gcc/x86_64-linux-gnu/11//crtbegin.o] ==> obj [/usr/lib/gcc/x86_64-linux-gnu/11//crtbegin.o]
    arg [--eh-frame-hdr] ==> ignore
    arg [-m] ==> ignore
    arg [elf_x86_64] ==> ignore
    arg [-dynamic-linker] ==> ignore
    arg [/lib64/ld-linux-x86-64.so.2] ==> ignore
    arg [-T] ==> ignore
    arg [/opt/nvidia/hpc_sdk/Linux_x86_64/23.11/compilers/lib/nvhpc.ld] ==> ignore
    arg [-L/usr/local/gdrcopy/lib64] ==> dir [/usr/local/gdrcopy/lib64]
    arg [-L/usr/local/gdrcopy/lib64] ==> dir [/usr/local/gdrcopy/lib64]
    arg [-L/opt/nvidia/hpc_sdk/Linux_x86_64/23.11/compilers/lib] ==> dir [/opt/nvidia/hpc_sdk/Linux_x86_64/23.11/compilers/lib]
    arg [-L/usr/lib64] ==> dir [/usr/lib64]
    arg [-L/usr/lib/gcc/x86_64-linux-gnu/11/] ==> dir [/usr/lib/gcc/x86_64-linux-gnu/11/]
    arg [CMakeFiles/cmTC_358e6.dir/CMakeCXXCompilerABI.cpp.o] ==> ignore
    arg [-rpath] ==> ignore
    arg [/opt/nvidia/hpc_sdk/Linux_x86_64/23.11/compilers/lib] ==> ignore
    arg [-o] ==> ignore
    arg [cmTC_358e6] ==> ignore
    arg [-L/usr/lib/gcc/x86_64-linux-gnu/11//../../../../lib64] ==> dir [/usr/lib/gcc/x86_64-linux-gnu/11//../../../../lib64]
    arg [-latomic] ==> lib [atomic]
    arg [-lnvhpcatm] ==> lib [nvhpcatm]
    arg [-lstdc++] ==> lib [stdc++]
    arg [-lnvomp] ==> lib [nvomp]
    arg [-ldl] ==> lib [dl]
    arg [--as-needed] ==> ignore
    arg [-lnvhpcatm] ==> lib [nvhpcatm]
    arg [-latomic] ==> lib [atomic]
    arg [--no-as-needed] ==> ignore
    arg [-lpthread] ==> lib [pthread]
    arg [-lnvcpumath] ==> lib [nvcpumath]
    arg [-lnsnvc] ==> lib [nsnvc]
    arg [-lnvc] ==> lib [nvc]
    arg [-lgcc] ==> lib [gcc]
    arg [-lc] ==> lib [c]
    arg [-lgcc_s] ==> lib [gcc_s]
    arg [-lm] ==> lib [m]
    arg [/usr/lib/gcc/x86_64-linux-gnu/11//crtend.o] ==> obj [/usr/lib/gcc/x86_64-linux-gnu/11//crtend.o]
    arg [/usr/lib/x86_64-linux-gnu/crtn.o] ==> obj [/usr/lib/x86_64-linux-gnu/crtn.o]
  collapse obj [/usr/lib/gcc/x86_64-linux-gnu/11//crtbegin.o] ==> [/usr/lib/gcc/x86_64-linux-gnu/11/crtbegin.o]
  collapse obj [/usr/lib/gcc/x86_64-linux-gnu/11//crtend.o] ==> [/usr/lib/gcc/x86_64-linux-gnu/11/crtend.o]
  collapse library dir [/usr/local/gdrcopy/lib64] ==> [/usr/local/gdrcopy/lib64]
  collapse library dir [/usr/local/gdrcopy/lib64] ==> [/usr/local/gdrcopy/lib64]
  collapse library dir [/opt/nvidia/hpc_sdk/Linux_x86_64/23.11/compilers/lib] ==> [/opt/nvidia/hpc_sdk/Linux_x86_64/23.11/compilers/lib]
  collapse library dir [/usr/lib64] ==> [/usr/lib64]
  collapse library dir [/usr/lib/gcc/x86_64-linux-gnu/11/] ==> [/usr/lib/gcc/x86_64-linux-gnu/11]
  collapse library dir [/usr/lib/gcc/x86_64-linux-gnu/11//../../../../lib64] ==> [/usr/lib64]
  implicit libs: [atomic;nvhpcatm;stdc++;nvomp;dl;nvhpcatm;atomic;pthread;nvcpumath;nsnvc;nvc;gcc;c;gcc_s;m]
  implicit objs: [/usr/lib/x86_64-linux-gnu/crt1.o;/usr/lib/x86_64-linux-gnu/crti.o;/usr/lib/gcc/x86_64-linux-gnu/11/crtbegin.o;/usr/lib/gcc/x86_64-linux-gnu/11/crtend.o;/usr/lib/x86_64-linux-gnu/crtn.o]
  implicit dirs: [/usr/local/gdrcopy/lib64;/opt/nvidia/hpc_sdk/Linux_x86_64/23.11/compilers/lib;/usr/lib64;/usr/lib/gcc/x86_64-linux-gnu/11]
  implicit fwks: []


The system is: Linux - 5.15.0-130-generic - x86_64
Compiling the C compiler identification source file "CMakeCCompilerId.c" succeeded.
Compiler: /usr/bin/gcc-13 
Build flags: 
Id flags:  

The output was:
0


Compilation of the C compiler identification source "CMakeCCompilerId.c" produced "a.out"

The C compiler identification is GNU, found in "/home/n.shestakov/Parallelizm_NSU/task2/build/CMakeFiles/3.22.1/CompilerIdC/a.out"

Compiling the CXX compiler identification source file "CMakeCXXCompilerId.cpp" succeeded.
Compiler: /usr/bin/g++-13 
Build flags: 
Id flags:  

The output was:
0


Compilation of the CXX compiler identification source "CMakeCXXCompilerId.cpp" produced "a.out"

The CXX compiler identification is GNU, found in "/home/n.shestakov/Parallelizm_NSU/task2/build/CMakeFiles/3.22.1/CompilerIdCXX/a.out"

Detecting C compiler ABI info compiled with the following output:
Change Dir: /home/n.shestakov/Parallelizm_NSU/task2/build/CMakeFiles/CMakeTmp

Run Build Command(s):/usr/bin/ninja cmTC_f8bd2 && [1/2] Building C object CMakeFiles/cmTC_f8bd2.dir/CMakeCCompilerABI.c.o
Using built-in specs.
COLLECT_GCC=/usr/bin/gcc-13
OFFLOAD_TARGET_NAMES=nvptx-none:amdgcn-amdhsa
OFFLOAD_TARGET_DEFAULT=1
Target: x86_64-linux-gnu
Configured with: ../src/configure -v --with-pkgversion='Ubuntu 13.1.0-8ubuntu1~22.04' --with-bugurl=file:///usr/share/doc/gcc-13/README.Bugs --enable-languages=c,ada,c++,go,d,fortran,objc,obj-c++,m2,rust --prefix=/usr --with-gcc-major-version-only --program-suffix=-13 --program-prefix=x86_64-linux-gnu- --enable-shared --enable-linker-build-id --libexecdir=/usr/libexec --without-included-gettext --enable-threads=posix --libdir=/usr/lib --enable-nls --enable-bootstrap --enable-clocale=gnu --enable-libstdcxx-debug --enable-libstdcxx-time=yes --with-default-libstdcxx-abi=new --enable-gnu-unique-object --disable-vtable-verify --enable-plugin --enable-default-pie --with-system-zlib --enable-libphobos-checking=release --with-target-system-zlib=auto --enable-objc-gc=auto --enable-multiarch --disable-werror --enable-cet --with-arch-32=i686 --with-abi=m64 --with-multilib-list=m32,m64,mx32 --enable-multilib --with-tune=generic --enable-offload-targets=nvptx-none=/build/gcc-13-IvzKaI/gcc-13-13.1.0/debian/tmp-nvptx/usr,amdgcn-amdhsa=/build/gcc-13-IvzKaI/gcc-13-13.1.0/debian/tmp-gcn/usr --enable-offload-defaulted --without-cuda-driver --enable-checking=release --build=x86_64-linux-gnu --host=x86_64-linux-gnu --target=x86_64-linux-gnu --with-build-config=bootstrap-lto-lean --enable-link-serialization=2
Thread model: posix
Supported LTO compression algorithms: zlib zstd
gcc version 13.1.0 (Ubuntu 13.1.0-8ubuntu1~22.04) 
COLLECT_GCC_OPTIONS='-v' '-o' 'CMakeFiles/cmTC_f8bd2.dir/CMakeCCompilerABI.c.o' '-c' '-mtune=generic' '-march=x86-64' '-dumpdir' 'CMakeFiles/cmTC_f8bd2.dir/'
 /usr/libexec/gcc/x86_64-linux-gnu/13/cc1 -quiet -v -imultiarch x86_64-linux-gnu /usr/share/cmake-3.22/Modules/CMakeCCompilerABI.c -quiet -dumpdir CMakeFiles/cmTC_f8bd2.dir/ -dumpbase CMakeCCompilerABI.c.c -dumpbase-ext .c -mtune=generic -march=x86-64 -version -fasynchronous-unwind-tables -fstack-protector-strong -Wformat -Wformat-security -fstack-clash-protection -fcf-protection -o /tmp/ccqpMmYm.s
GNU C17 (Ubuntu 13.1.0-8ubuntu1~22.04) version 13.1.0 (x86_64-linux-gnu)
	compiled by GNU C version 13.1.0, GMP version 6.2.1, MPFR version 4.1.0, MPC version 1.2.1, isl version isl-0.24-GMP

GGC heuristics: --param ggc-min-expand=100 --param ggc-min-heapsize=131072
ignoring nonexistent directory "/usr/local/include/x86_64-linux-gnu"
ignoring nonexistent directory "/usr/lib/gcc/x86_64-linux-gnu/13/include-fixed/x86_64-linux-gnu"
ignoring nonexistent directory "/usr/lib/gcc/x86_64-linux-gnu/13/include-fixed"
ignoring nonexistent directory "/usr/lib/gcc/x86_64-linux-gnu/13/../../../../x86_64-linux-gnu/include"
ignoring duplicate directory "/usr/local/pmix/include"
ignoring duplicate directory "/usr/local/knem/include"
ignoring duplicate directory "/usr/local/gdrcopy/include"
ignoring duplicate directory "."
#include "..." search starts here:
#include <...> search starts here:
 /usr/local/pmix/include
 /usr/local/knem/include
 /usr/local/gdrcopy/include
 /opt/nvidia/hpc_sdk/Linux_x86_64/23.11/compilers/extras/qd/include/qd
 /opt/nvidia/hpc_sdk/Linux_x86_64/23.11/comm_libs/nvshmem/include
 /opt/nvidia/hpc_sdk/Linux_x86_64/23.11/comm_libs/nccl/include
 /opt/nvidia/hpc_sdk/Linux_x86_64/23.11/math_libs/include
 .
 /usr/lib/gcc/x86_64-linux-gnu/13/include
 /usr/local/include
 /usr/include/x86_64-linux-gnu
 /usr/include
End of search list.
Compiler executable checksum: d80f7a3177dda410206b6b40a1a1b357
COLLECT_GCC_OPTIONS='-v' '-o' 'CMakeFiles/cmTC_f8bd2.dir/CMakeCCompilerABI.c.o' '-c' '-mtune=generic' '-march=x86-64' '-dumpdir' 'CMakeFiles/cmTC_f8bd2.dir/'
 as -v --64 -o CMakeFiles/cmTC_f8bd2.dir/CMakeCCompilerABI.c.o /tmp/ccqpMmYm.s
GNU assembler version 2.38 (x86_64-linux-gnu) using BFD version (GNU Binutils for Ubuntu) 2.38
COMPILER_PATH=/usr/libexec/gcc/x86_64-linux-gnu/13/:/usr/libexec/gcc/x86_64-linux-gnu/13/:/usr/libexec/gcc/x86_64-linux-gnu/:/usr/lib/gcc/x86_64-linux-gnu/13/:/usr/lib/gcc/x86_64-linux-gnu/
LIBRARY_PATH=/usr/local/gdrcopy/lib64/../lib/:/usr/local/gdrcopy/lib64/../lib/:/usr/lib/gcc/x86_64-linux-gnu/13/:/usr/lib/gcc/x86_64-linux-gnu/13/../../../x86_64-linux-gnu/:/usr/lib/gcc/x86_64-linux-gnu/13/../../../../lib/:/lib/x86_64-linux-gnu/:/lib/../lib/:/usr/lib/x86_64-linux-gnu/:/usr/lib/../lib/:/usr/local/gdrcopy/lib64/:/usr/local/gdrcopy/lib64/:./:/usr/lib/gcc/x86_64-linux-gnu/13/../../../:/lib/:/usr/lib/
COLLECT_GCC_OPTIONS='-v' '-o' 'CMakeFiles/cmTC_f8bd2.dir/CMakeCCompilerABI.c.o' '-c' '-mtune=generic' '-march=x86-64' '-dumpdir' 'CMakeFiles/cmTC_f8bd2.dir/CMakeCCompilerABI.c.'
[2/2] Linking C executable cmTC_f8bd2
Using built-in specs.
COLLECT_GCC=/usr/bin/gcc-13
COLLECT_LTO_WRAPPER=/usr/libexec/gcc/x86_64-linux-gnu/13/lto-wrapper
OFFLOAD_TARGET_NAMES=nvptx-none:amdgcn-amdhsa
OFFLOAD_TARGET_DEFAULT=1
Target: x86_64-linux-gnu
Configured with: ../src/configure -v --with-pkgversion='Ubuntu 13.1.0-8ubuntu1~22.04' --with-bugurl=file:///usr/share/doc/gcc-13/README.Bugs --enable-languages=c,ada,c++,go,d,fortran,objc,obj-c++,m2,rust --prefix=/usr --with-gcc-major-version-only --program-suffix=-13 --program-prefix=x86_64-linux-gnu- --enable-shared --enable-linker-build-id --libexecdir=/usr/libexec --without-included-gettext --enable-threads=posix --libdir=/usr/lib --enable-nls --enable-bootstrap --enable-clocale=gnu --enable-libstdcxx-debug --enable-libstdcxx-time=yes --with-default-libstdcxx-abi=new --enable-gnu-unique-object --disable-vtable-verify --enable-plugin --enable-default-pie --with-system-zlib --enable-libphobos-checking=release --with-target-system-zlib=auto --enable-objc-gc=auto --enable-multiarch --disable-werror --enable-cet --with-arch-32=i686 --with-abi=m64 --with-multilib-list=m32,m64,mx32 --enable-multilib --with-tune=generic --enable-offload-targets=nvptx-none=/build/gcc-13-IvzKaI/gcc-13-13.1.0/debian/tmp-nvptx/usr,amdgcn-amdhsa=/build/gcc-13-IvzKaI/gcc-13-13.1.0/debian/tmp-gcn/usr --enable-offload-defaulted --without-cuda-driver --enable-checking=release --build=x86_64-linux-gnu --host=x86_64-linux-gnu --target=x86_64-linux-gnu --with-build-config=bootstrap-lto-lean --enable-link-serialization=2
Thread model: posix
Supported LTO compression algorithms: zlib zstd
gcc version 13.1.0 (Ubuntu 13.1.0-8ubuntu1~22.04) 
COMPILER_PATH=/usr/libexec/gcc/x86_64-linux-gnu/13/:/usr/libexec/gcc/x86_64-linux-gnu/13/:/usr/libexec/gcc/x86_64-linux-gnu/:/usr/lib/gcc/x86_64-linux-gnu/13/:/usr/lib/gcc/x86_64-linux-gnu/
LIBRARY_PATH=/usr/local/gdrcopy/lib64/../lib/:/usr/local/gdrcopy/lib64/../lib/:/usr/lib/gcc/x86_64-linux-gnu/13/:/usr/lib/gcc/x86_64-linux-gnu/13/../../../x86_64-linux-gnu/:/usr/lib/gcc/x86_64-linux-gnu/13/../../../../lib/:/lib/x86_64-linux-gnu/:/lib/../lib/:/usr/lib/x86_64-linux-gnu/:/usr/lib/../lib/:/usr/local/gdrcopy/lib64/:/usr/local/gdrcopy/lib64/:./:/usr/lib/gcc/x86_64-linux-gnu/13/../../../:/lib/:/usr/lib/
COLLECT_GCC_OPTIONS='-v' '-rdynamic' '-o' 'cmTC_f8bd2' '-mtune=generic' '-march=x86-64' '-dumpdir' 'cmTC_f8bd2.'
 /usr/libexec/gcc/x86_64-linux-gnu/13/collect2 -plugin /usr/libexec/gcc/x86_64-linux-gnu/13/liblto_plugin.so -plugin-opt=/usr/libexec/gcc/x86_64-linux-gnu/13/lto-wrapper -plugin-opt=-fresolution=/tmp/ccxOBSJ4.res -plugin-opt=-pass-through=-lgcc -plugin-opt=-pass-through=-lgcc_s -plugin-opt=-pass-through=-lc -plugin-opt=-pass-through=-lgcc -plugin-opt=-pass-through=-lgcc_s --build-id --eh-frame-hdr -m elf_x86_64 --hash-style=gnu --as-needed -export-dynamic -dynamic-linker /lib64/ld-linux-x86-64.so.2 -pie -z now -z relro -o cmTC_f8bd2 /usr/lib/gcc/x86_64-linux-gnu/13/../../../x86_64-linux-gnu/Scrt1.o /usr/lib/gcc/x86_64-linux-gnu/13/../../../x86_64-linux-gnu/crti.o /usr/lib/gcc/x86_64-linux-gnu/13/crtbeginS.o -L/usr/local/gdrcopy/lib64/../lib -L/usr/local/gdrcopy/lib64/../lib -L/usr/lib/gcc/x86_64-linux-gnu/13 -L/usr/lib/gcc/x86_64-linux-gnu/13/../../../x86_64-linux-gnu -L/usr/lib/gcc/x86_64-linux-gnu/13/../../../../lib -L/lib/x86_64-linux-gnu -L/lib/../lib -L/usr/lib/x86_64-linux-gnu -L/usr/lib/../lib -L/usr/local/gdrcopy/lib64 -L/usr/local/gdrcopy/lib64 -L. -L/usr/lib/gcc/x86_64-linux-gnu/13/../../.. CMakeFiles/cmTC_f8bd2.dir/CMakeCCompilerABI.c.o -lgcc --push-state --as-needed -lgcc_s --pop-state -lc -lgcc --push-state --as-needed -lgcc_s --pop-state /usr/lib/gcc/x86_64-linux-gnu/13/crtendS.o /usr/lib/gcc/x86_64-linux-gnu/13/../../../x86_64-linux-gnu/crtn.o
COLLECT_GCC_OPTIONS='-v' '-rdynamic' '-o' 'cmTC_f8bd2' '-mtune=generic' '-march=x86-64' '-dumpdir' 'cmTC_f8bd2.'



Parsed C implicit include dir info from above output: rv=done
  found start of include info
  found start of implicit include info
    add: [/usr/local/pmix/include]
    add: [/usr/local/knem/include]
    add: [/usr/local/gdrcopy/include]
    add: [/opt/nvidia/hpc_sdk/Linux_x86_64/23.11/compilers/extras/qd/include/qd]
    add: [/opt/nvidia/hpc_sdk/Linux_x86_64/23.11/comm_libs/nvshmem/include]
    add: [/opt/nvidia/hpc_sdk/Linux_x86_64/23.11/comm_libs/nccl/include]
    add: [/opt/nvidia/hpc_sdk/Linux_x86_64/23.11/math_libs/include]
    add: [.]
    add: [/usr/lib/gcc/x86_64-linux-gnu/13/include]
    add: [/usr/local/include]
    add: [/usr/include/x86_64-linux-gnu]
    add: [/usr/include]
  end of search list found
  collapse include dir [/usr/local/pmix/include] ==> [/usr/local/pmix/include]
  collapse include dir [/usr/local/knem/include] ==> [/usr/local/knem/include]
  collapse include dir [/usr/local/gdrcopy/include] ==> [/usr/local/gdrcopy/include]
  collapse include dir [/opt/nvidia/hpc_sdk/Linux_x86_64/23.11/compilers/extras/qd/include/qd] ==> [/opt/nvidia/hpc_sdk/Linux_x86_64/23.11/compilers/extras/qd/include/qd]
  collapse include dir [/opt/nvidia/hpc_sdk/Linux_x86_64/23.11/comm_libs/nvshmem/include] ==> [/opt/nvidia/hpc_sdk/Linux_x86_64/23.11/comm_libs/nvshmem/include]
  collapse include dir [/opt/nvidia/hpc_sdk/Linux_x86_64/23.11/comm_libs/nccl/include] ==> [/opt/nvidia/hpc_sdk/Linux_x86_64/23.11/comm_libs/nccl/include]
  collapse include dir [/opt/nvidia/hpc_sdk/Linux_x86_64/23.11/math_libs/include] ==> [/opt/nvidia/hpc_sdk/Linux_x86_64/23.11/math_libs/include]
  skipping relative include dir [.]
  collapse include dir [/usr/lib/gcc/x86_64-linux-gnu/13/include] ==> [/usr/lib/gcc/x86_64-linux-gnu/13/include]
  collapse include dir [/usr/local/include] ==> [/usr/local/include]
  collapse include dir [/usr/include/x86_64-linux-gnu] ==> [/usr/include/x86_64-linux-gnu]
  collapse include dir [/usr/include] ==> [/usr/include]
  implicit include dirs: [/usr/local/pmix/include;/usr/local/knem/include;/usr/local/gdrcopy/include;/opt/nvidia/hpc_sdk/Linux_x86_64/23.11/compilers/extras/qd/include/qd;/opt/nvidia/hpc_sdk/Linux_x86_64/23.11/comm_libs/nvshmem/include;/opt/nvidia/hpc_sdk/Linux_x86_64/23.11/comm_libs/nccl/include;/opt/nvidia/hpc_sdk/Linux_x86_64/23.11/math_libs/include;/usr/lib/gcc/x86_64-linux-gnu/13/include;/usr/local/include;/usr/include/x86_64-linux-gnu;/usr/include]


Parsed C implicit link information from above output:
  link line regex: [^( *|.*[/\])(ld|CMAKE_LINK_STARTFILE-NOTFOUND|([^/\]+-)?ld|collect2)[^/\]*( |$)]
  ignore line: [Change Dir: /home/n.shestakov/Parallelizm_NSU/task2/build/CMakeFiles/CMakeTmp]
  ignore line: []
  ignore line: [Run Build Command(s):/usr/bin/ninja cmTC_f8bd2 && [1/2] Building C object CMakeFiles/cmTC_f8bd2.dir/CMakeCCompilerABI.c.o]
  ignore line: [Using built-in specs.]
  ignore line: [COLLECT_GCC=/usr/bin/gcc-13]
  ignore line: [OFFLOAD_TARGET_NAMES=nvptx-none:amdgcn-amdhsa]
  ignore line: [OFFLOAD_TARGET_DEFAULT=1]
  ignore line: [Target: x86_64-linux-gnu]
  ignore line: [Configured with: ../src/configure -v --with-pkgversion='Ubuntu 13.1.0-8ubuntu1~22.04' --with-bugurl=file:///usr/share/doc/gcc-13/README.Bugs --enable-languages=c ada c++ go d fortran objc obj-c++ m2 rust --prefix=/usr --with-gcc-major-version-only --program-suffix=-13 --program-prefix=x86_64-linux-gnu- --enable-shared --enable-linker-build-id --libexecdir=/usr/libexec --without-included-gettext --enable-threads=posix --libdir=/usr/lib --enable-nls --enable-bootstrap --enable-clocale=gnu --enable-libstdcxx-debug --enable-libstdcxx-time=yes --with-default-libstdcxx-abi=new --enable-gnu-unique-object --disable-vtable-verify --enable-plugin --enable-default-pie --with-system-zlib --enable-libphobos-checking=release --with-target-system-zlib=auto --enable-objc-gc=auto --enable-multiarch --disable-werror --enable-cet --with-arch-32=i686 --with-abi=m64 --with-multilib-list=m32 m64 mx32 --enable-multilib --with-tune=generic --enable-offload-targets=nvptx-none=/build/gcc-13-IvzKaI/gcc-13-13.1.0/debian/tmp-nvptx/usr amdgcn-amdhsa=/build/gcc-13-IvzKaI/gcc-13-13.1.0/debian/tmp-gcn/usr --enable-offload-defaulted --without-cuda-driver --enable-checking=release --build=x86_64-linux-gnu --host=x86_64-linux-gnu --target=x86_64-linux-gnu --with-build-config=bootstrap-lto-lean --enable-link-serialization=2]
  ignore line: [Thread model: posix]
  ignore line: [Supported LTO compression algorithms: zlib zstd]
  ignore line: [gcc version 13.1.0 (Ubuntu 13.1.0-8ubuntu1~22.04) ]
  ignore line: [COLLECT_GCC_OPTIONS='-v' '-o' 'CMakeFiles/cmTC_f8bd2.dir/CMakeCCompilerABI.c.o' '-c' '-mtune=generic' '-march=x86-64' '-dumpdir' 'CMakeFiles/cmTC_f8bd2.dir/']
  ignore line: [ /usr/libexec/gcc/x86_64-linux-gnu/13/cc1 -quiet -v -imultiarch x86_64-linux-gnu /usr/share/cmake-3.22/Modules/CMakeCCompilerABI.c -quiet -dumpdir CMakeFiles/cmTC_f8bd2.dir/ -dumpbase CMakeCCompilerABI.c.c -dumpbase-ext .c -mtune=generic -march=x86-64 -version -fasynchronous-unwind-tables -fstack-protector-strong -Wformat -Wformat-security -fstack-clash-protection -fcf-protection -o /tmp/ccqpMmYm.s]
  ignore line: [GNU C17 (Ubuntu 13.1.0-8ubuntu1~22.04) version 13.1.0 (x86_64-linux-gnu)]
  ignore line: [	compiled by GNU C version 13.1.0  GMP version 6.2.1  MPFR version 4.1.0  MPC version 1.2.1  isl version isl-0.24-GMP]
  ignore line: []
  ignore line: [GGC heuristics: --param ggc-min-expand=100 --param ggc-min-heapsize=131072]
  ignore line: [ignoring nonexistent directory "/usr/local/include/x86_64-linux-gnu"]
  ignore line: [ignoring nonexistent directory "/usr/lib/gcc/x86_64-linux-gnu/13/include-fixed/x86_64-linux-gnu"]
  ignore line: [ignoring nonexistent directory "/usr/lib/gcc/x86_64-linux-gnu/13/include-fixed"]
  ignore line: [ignoring nonexistent directory "/usr/lib/gcc/x86_64-linux-gnu/13/../../../../x86_64-linux-gnu/include"]
  ignore line: [ignoring duplicate directory "/usr/local/pmix/include"]
  ignore line: [ignoring duplicate directory "/usr/local/knem/include"]
  ignore line: [ignoring duplicate directory "/usr/local/gdrcopy/include"]
  ignore line: [ignoring duplicate directory "."]
  ignore line: [#include "..." search starts here:]
  ignore line: [#include <...> search starts here:]
  ignore line: [ /usr/local/pmix/include]
  ignore line: [ /usr/local/knem/include]
  ignore line: [ /usr/local/gdrcopy/include]
  ignore line: [ /opt/nvidia/hpc_sdk/Linux_x86_64/23.11/compilers/extras/qd/include/qd]
  ignore line: [ /opt/nvidia/hpc_sdk/Linux_x86_64/23.11/comm_libs/nvshmem/include]
  ignore line: [ /opt/nvidia/hpc_sdk/Linux_x86_64/23.11/comm_libs/nccl/include]
  ignore line: [ /opt/nvidia/hpc_sdk/Linux_x86_64/23.11/math_libs/include]
  ignore line: [ .]
  ignore line: [ /usr/lib/gcc/x86_64-linux-gnu/13/include]
  ignore line: [ /usr/local/include]
  ignore line: [ /usr/include/x86_64-linux-gnu]
  ignore line: [ /usr/include]
  ignore line: [End of search list.]
  ignore line: [Compiler executable checksum: d80f7a3177dda410206b6b40a1a1b357]
  ignore line: [COLLECT_GCC_OPTIONS='-v' '-o' 'CMakeFiles/cmTC_f8bd2.dir/CMakeCCompilerABI.c.o' '-c' '-mtune=generic' '-march=x86-64' '-dumpdir' 'CMakeFiles/cmTC_f8bd2.dir/']
  ignore line: [ as -v --64 -o CMakeFiles/cmTC_f8bd2.dir/CMakeCCompilerABI.c.o /tmp/ccqpMmYm.s]
  ignore line: [GNU assembler version 2.38 (x86_64-linux-gnu) using BFD version (GNU Binutils for Ubuntu) 2.38]
  ignore line: [COMPILER_PATH=/usr/libexec/gcc/x86_64-linux-gnu/13/:/usr/libexec/gcc/x86_64-linux-gnu/13/:/usr/libexec/gcc/x86_64-linux-gnu/:/usr/lib/gcc/x86_64-linux-gnu/13/:/usr/lib/gcc/x86_64-linux-gnu/]
  ignore line: [LIBRARY_PATH=/usr/local/gdrcopy/lib64/../lib/:/usr/local/gdrcopy/lib64/../lib/:/usr/lib/gcc/x86_64-linux-gnu/13/:/usr/lib/gcc/x86_64-linux-gnu/13/../../../x86_64-linux-gnu/:/usr/lib/gcc/x86_64-linux-gnu/13/../../../../lib/:/lib/x86_64-linux-gnu/:/lib/../lib/:/usr/lib/x86_64-linux-gnu/:/usr/lib/../lib/:/usr/local/gdrcopy/lib64/:/usr/local/gdrcopy/lib64/:./:/usr/lib/gcc/x86_64-linux-gnu/13/../../../:/lib/:/usr/lib/]
  ignore line: [COLLECT_GCC_OPTIONS='-v' '-o' 'CMakeFiles/cmTC_f8bd2.dir/CMakeCCompilerABI.c.o' '-c' '-mtune=generic' '-march=x86-64' '-dumpdir' 'CMakeFiles/cmTC_f8bd2.dir/CMakeCCompilerABI.c.']
  ignore line: [[2/2] Linking C executable cmTC_f8bd2]
  ignore line: [Using built-in specs.]
  ignore line: [COLLECT_GCC=/usr/bin/gcc-13]
  ignore line: [COLLECT_LTO_WRAPPER=/usr/libexec/gcc/x86_64-linux-gnu/13/lto-wrapper]
  ignore line: [OFFLOAD_TARGET_NAMES=nvptx-none:amdgcn-amdhsa]
  ignore line: [OFFLOAD_TARGET_DEFAULT=1]
  ignore line: [Target: x86_64-linux-gnu]
  ignore line: [Configured with: ../src/configure -v --with-pkgversion='Ubuntu 13.1.0-8ubuntu1~22.04' --with-bugurl=file:///usr/share/doc/gcc-13/README.Bugs --enable-languages=c ada c++ go d fortran objc obj-c++ m2 rust --prefix=/usr --with-gcc-major-version-only --program-suffix=-13 --program-prefix=x86_64-linux-gnu- --enable-shared --enable-linker-build-id --libexecdir=/usr/libexec --without-included-gettext --enable-threads=posix --libdir=/usr/lib --enable-nls --enable-bootstrap --enable-clocale=gnu --enable-libstdcxx-debug --enable-libstdcxx-time=yes --with-default-libstdcxx-abi=new --enable-gnu-unique-object --disable-vtable-verify --enable-plugin --enable-default-pie --with-system-zlib --enable-libphobos-checking=release --with-target-system-zlib=auto --enable-objc-gc=auto --enable-multiarch --disable-werror --enable-cet --with-arch-32=i686 --with-abi=m64 --with-multilib-list=m32 m64 mx32 --enable-multilib --with-tune=generic --enable-offload-targets=nvptx-none=/build/gcc-13-IvzKaI/gcc-13-13.1.0/debian/tmp-nvptx/usr amdgcn-amdhsa=/build/gcc-13-IvzKaI/gcc-13-13.1.0/debian/tmp-gcn/usr --enable-offload-defaulted --without-cuda-driver --enable-checking=release --build=x86_64-linux-gnu --host=x86_64-linux-gnu --target=x86_64-linux-gnu --with-build-config=bootstrap-lto-lean --enable-link-serialization=2]
  ignore line: [Thread model: posix]
  ignore line: [Supported LTO compression algorithms: zlib zstd]
  ignore line: [gcc version 13.1.0 (Ubuntu 13.1.0-8ubuntu1~22.04) ]
  ignore line: [COMPILER_PATH=/usr/libexec/gcc/x86_64-linux-gnu/13/:/usr/libexec/gcc/x86_64-linux-gnu/13/:/usr/libexec/gcc/x86_64-linux-gnu/:/usr/lib/gcc/x86_64-linux-gnu/13/:/usr/lib/gcc/x86_64-linux-gnu/]
  ignore line: [LIBRARY_PATH=/usr/local/gdrcopy/lib64/../lib/:/usr/local/gdrcopy/lib64/../lib/:/usr/lib/gcc/x86_64-linux-gnu/13/:/usr/lib/gcc/x86_64-linux-gnu/13/../../../x86_64-linux-gnu/:/usr/lib/gcc/x86_64-linux-gnu/13/../../../../lib/:/lib/x86_64-linux-gnu/:/lib/../lib/:/usr/lib/x86_64-linux-gnu/:/usr/lib/../lib/:/usr/local/gdrcopy/lib64/:/usr/local/gdrcopy/lib64/:./:/usr/lib/gcc/x86_64-linux-gnu/13/../../../:/lib/:/usr/lib/]
  ignore line: [COLLECT_GCC_OPTIONS='-v' '-rdynamic' '-o' 'cmTC_f8bd2' '-mtune=generic' '-march=x86-64' '-dumpdir' 'cmTC_f8bd2.']
  link line: [ /usr/libexec/gcc/x86_64-linux-gnu/13/collect2 -plugin /usr/libexec/gcc/x86_64-linux-gnu/13/liblto_plugin.so -plugin-opt=/usr/libexec/gcc/x86_64-linux-gnu/13/lto-wrapper -plugin-opt=-fresolution=/tmp/ccxOBSJ4.res -plugin-opt=-pass-through=-lgcc -plugin-opt=-pass-through=-lgcc_s -plugin-opt=-pass-through=-lc -plugin-opt=-pass-through=-lgcc -plugin-opt=-pass-through=-lgcc_s --build-id --eh-frame-hdr -m elf_x86_64 --hash-style=gnu --as-needed -export-dynamic -dynamic-linker /lib64/ld-linux-x86-64.so.2 -pie -z now -z relro -o cmTC_f8bd2 /usr/lib/gcc/x86_64-linux-gnu/13/../../../x86_64-linux-gnu/Scrt1.o /usr/lib/gcc/x86_64-linux-gnu/13/../../../x86_64-linux-gnu/crti.o /usr/lib/gcc/x86_64-linux-gnu/13/crtbeginS.o -L/usr/local/gdrcopy/lib64/../lib -L/usr/local/gdrcopy/lib64/../lib -L/usr/lib/gcc/x86_64-linux-gnu/13 -L/usr/lib/gcc/x86_64-linux-gnu/13/../../../x86_64-linux-gnu -L/usr/lib/gcc/x86_64-linux-gnu/13/../../../../lib -L/lib/x86_64-linux-gnu -L/lib/../lib -L/usr/lib/x86_64-linux-gnu -L/usr/lib/../lib -L/usr/local/gdrcopy/lib64 -L/usr/local/gdrcopy/lib64 -L. -L/usr/lib/gcc/x86_64-linux-gnu/13/../../.. CMakeFiles/cmTC_f8bd2.dir/CMakeCCompilerABI.c.o -lgcc --push-state --as-needed -lgcc_s --pop-state -lc -lgcc --push-state --as-needed -lgcc_s --pop-state /usr/lib/gcc/x86_64-linux-gnu/13/crtendS.o /usr/lib/gcc/x86_64-linux-gnu/13/../../../x86_64-linux-gnu/crtn.o]
    arg [/usr/libexec/gcc/x86_64-linux-gnu/13/collect2] ==> ignore
    arg [-plugin] ==> ignore
    arg [/usr/libexec/gcc/x86_64-linux-gnu/13/liblto_plugin.so] ==> ignore
    arg [-plugin-opt=/usr/libexec/gcc/x86_64-linux-gnu/13/lto-wrapper] ==> ignore
    arg [-plugin-opt=-fresolution=/tmp/ccxOBSJ4.res] ==> ignore
    arg [-plugin-opt=-pass-through=-lgcc] ==> ignore
    arg [-plugin-opt=-pass-through=-lgcc_s] ==> ignore
    arg [-plugin-opt=-pass-through=-lc] ==> ignore
    arg [-plugin-opt=-pass-through=-lgcc] ==> ignore
    arg [-plugin-opt=-pass-through=-lgcc_s] ==> ignore
    arg [--build-id] ==> ignore
    arg [--eh-frame-hdr] ==> ignore
    arg [-m] ==> ignore
    arg [elf_x86_64] ==> ignore
    arg [--hash-style=gnu] ==> ignore
    arg [--as-needed] ==> ignore
    arg [-export-dynamic] ==> ignore
    arg [-dynamic-linker] ==> ignore
    arg [/lib64/ld-linux-x86-64.so.2] ==> ignore
    arg [-pie] ==> ignore
    arg [-znow] ==> ignore
    arg [-zrelro] ==> ignore
    arg [-o] ==> ignore
    arg [cmTC_f8bd2] ==> ignore
    arg [/usr/lib/gcc/x86_64-linux-gnu/13/../../../x86_64-linux-gnu/Scrt1.o] ==> obj [/usr/lib/gcc/x86_64-linux-gnu/13/../../../x86_64-linux-gnu/Scrt1.o]
    arg [/usr/lib/gcc/x86_64-linux-gnu/13/../../../x86_64-linux-gnu/crti.o] ==> obj [/usr/lib/gcc/x86_64-linux-gnu/13/../../../x86_64-linux-gnu/crti.o]
    arg [/usr/lib/gcc/x86_64-linux-gnu/13/crtbeginS.o] ==> obj [/usr/lib/gcc/x86_64-linux-gnu/13/crtbeginS.o]
    arg [-L/usr/local/gdrcopy/lib64/../lib] ==> dir [/usr/local/gdrcopy/lib64/../lib]
    arg [-L/usr/local/gdrcopy/lib64/../lib] ==> dir [/usr/local/gdrcopy/lib64/../lib]
    arg [-L/usr/lib/gcc/x86_64-linux-gnu/13] ==> dir [/usr/lib/gcc/x86_64-linux-gnu/13]
    arg [-L/usr/lib/gcc/x86_64-linux-gnu/13/../../../x86_64-linux-gnu] ==> dir [/usr/lib/gcc/x86_64-linux-gnu/13/../../../x86_64-linux-gnu]
    arg [-L/usr/lib/gcc/x86_64-linux-gnu/13/../../../../lib] ==> dir [/usr/lib/gcc/x86_64-linux-gnu/13/../../../../lib]
    arg [-L/lib/x86_64-linux-gnu] ==> dir [/lib/x86_64-linux-gnu]
    arg [-L/lib/../lib] ==> dir [/lib/../lib]
    arg [-L/usr/lib/x86_64-linux-gnu] ==> dir [/usr/lib/x86_64-linux-gnu]
    arg [-L/usr/lib/../lib] ==> dir [/usr/lib/../lib]
    arg [-L/usr/local/gdrcopy/lib64] ==> dir [/usr/local/gdrcopy/lib64]
    arg [-L/usr/local/gdrcopy/lib64] ==> dir [/usr/local/gdrcopy/lib64]
    arg [-L.] ==> ignore
    arg [-L/usr/lib/gcc/x86_64-linux-gnu/13/../../..] ==> dir [/usr/lib/gcc/x86_64-linux-gnu/13/../../..]
    arg [CMakeFiles/cmTC_f8bd2.dir/CMakeCCompilerABI.c.o] ==> ignore
    arg [-lgcc] ==> lib [gcc]
    arg [--push-state] ==> ignore
    arg [--as-needed] ==> ignore
    arg [-lgcc_s] ==> lib [gcc_s]
    arg [--pop-state] ==> ignore
    arg [-lc] ==> lib [c]
    arg [-lgcc] ==> lib [gcc]
    arg [--push-state] ==> ignore
    arg [--as-needed] ==> ignore
    arg [-lgcc_s] ==> lib [gcc_s]
    arg [--pop-state] ==> ignore
    arg [/usr/lib/gcc/x86_64-linux-gnu/13/crtendS.o] ==> obj [/usr/lib/gcc/x86_64-linux-gnu/13/crtendS.o]
    arg [/usr/lib/gcc/x86_64-linux-gnu/13/../../../x86_64-linux-gnu/crtn.o] ==> obj [/usr/lib/gcc/x86_64-linux-gnu/13/../../../x86_64-linux-gnu/crtn.o]
  collapse obj [/usr/lib/gcc/x86_64-linux-gnu/13/../../../x86_64-linux-gnu/Scrt1.o] ==> [/usr/lib/x86_64-linux-gnu/Scrt1.o]
  collapse obj [/usr/lib/gcc/x86_64-linux-gnu/13/../../../x86_64-linux-gnu/crti.o] ==> [/usr/lib/x86_64-linux-gnu/crti.o]
  collapse obj [/usr/lib/gcc/x86_64-linux-gnu/13/../../../x86_64-linux-gnu/crtn.o] ==> [/usr/lib/x86_64-linux-gnu/crtn.o]
  collapse library dir [/usr/local/gdrcopy/lib64/../lib] ==> [/usr/local/gdrcopy/lib]
  collapse library dir [/usr/local/gdrcopy/lib64/../lib] ==> [/usr/local/gdrcopy/lib]
  collapse library dir [/usr/lib/gcc/x86_64-linux-gnu/13] ==> [/usr/lib/gcc/x86_64-linux-gnu/13]
  collapse library dir [/usr/lib/gcc/x86_64-linux-gnu/13/../../../x86_64-linux-gnu] ==> [/usr/lib/x86_64-linux-gnu]
  collapse library dir [/usr/lib/gcc/x86_64-linux-gnu/13/../../../../lib] ==> [/usr/lib]
  collapse library dir [/lib/x86_64-linux-gnu] ==> [/lib/x86_64-linux-gnu]
  collapse library dir [/lib/../lib] ==> [/lib]
  collapse library dir [/usr/lib/x86_64-linux-gnu] ==> [/usr/lib/x86_64-linux-gnu]
  collapse library dir [/usr/lib/../lib] ==> [/usr/lib]
  collapse library dir [/usr/local/gdrcopy/lib64] ==> [/usr/local/gdrcopy/lib64]
  collapse library dir [/usr/local/gdrcopy/lib64] ==> [/usr/local/gdrcopy/lib64]
  collapse library dir [/usr/lib/gcc/x86_64-linux-gnu/13/../../..] ==> [/usr/lib]
  implicit libs: [gcc;gcc_s;c;gcc;gcc_s]
  implicit objs: [/usr/lib/x86_64-linux-gnu/Scrt1.o;/usr/lib/x86_64-linux-gnu/crti.o;/usr/lib/gcc/x86_64-linux-gnu/13/crtbeginS.o;/usr/lib/gcc/x86_64-linux-gnu/13/crtendS.o;/usr/lib/x86_64-linux-gnu/crtn.o]
  implicit dirs: [/usr/local/gdrcopy/lib;/usr/lib/gcc/x86_64-linux-gnu/13;/usr/lib/x86_64-linux-gnu;/usr/lib;/lib/x86_64-linux-gnu;/lib;/usr/local/gdrcopy/lib64]
  implicit fwks: []


Detecting CXX compiler ABI info compiled with the following output:
Change Dir: /home/n.shestakov/Parallelizm_NSU/task2/build/CMakeFiles/CMakeTmp

Run Build Command(s):/usr/bin/ninja cmTC_4bbfe && [1/2] Building CXX object CMakeFiles/cmTC_4bbfe.dir/CMakeCXXCompilerABI.cpp.o
Using built-in specs.
COLLECT_GCC=/usr/bin/g++-13
OFFLOAD_TARGET_NAMES=nvptx-none:amdgcn-amdhsa
OFFLOAD_TARGET_DEFAULT=1
Target: x86_64-linux-gnu
Configured with: ../src/configure -v --with-pkgversion='Ubuntu 13.1.0-8ubuntu1~22.04' --with-bugurl=file:///usr/share/doc/gcc-13/README.Bugs --enable-languages=c,ada,c++,go,d,fortran,objc,obj-c++,m2,rust --prefix=/usr --with-gcc-major-version-only --program-suffix=-13 --program-prefix=x86_64-linux-gnu- --enable-shared --enable-linker-build-id --libexecdir=/usr/libexec --without-included-gettext --enable-threads=posix --libdir=/usr/lib --enable-nls --enable-bootstrap --enable-clocale=gnu --enable-libstdcxx-debug --enable-libstdcxx-time=yes --with-default-libstdcxx-abi=new --enable-gnu-unique-object --disable-vtable-verify --enable-plugin --enable-default-pie --with-system-zlib --enable-libphobos-checking=release --with-target-system-zlib=auto --enable-objc-gc=auto --enable-multiarch --disable-werror --enable-cet --with-arch-32=i686 --with-abi=m64 --with-multilib-list=m32,m64,mx32 --enable-multilib --with-tune=generic --enable-offload-targets=nvptx-none=/build/gcc-13-IvzKaI/gcc-13-13.1.0/debian/tmp-nvptx/usr,amdgcn-amdhsa=/build/gcc-13-IvzKaI/gcc-13-13.1.0/debian/tmp-gcn/usr --enable-offload-defaulted --without-cuda-driver --enable-checking=release --build=x86_64-linux-gnu --host=x86_64-linux-gnu --target=x86_64-linux-gnu --with-build-config=bootstrap-lto-lean --enable-link-serialization=2
Thread model: posix
Supported LTO compression algorithms: zlib zstd
gcc version 13.1.0 (Ubuntu 13.1.0-8ubuntu1~22.04) 
COLLECT_GCC_OPTIONS='-v' '-o' 'CMakeFiles/cmTC_4bbfe.dir/CMakeCXXCompilerABI.cpp.o' '-c' '-shared-libgcc' '-mtune=generic' '-march=x86-64' '-dumpdir' 'CMakeFiles/cmTC_4bbfe.dir/'
 /usr/libexec/gcc/x86_64-linux-gnu/13/cc1plus -quiet -v -imultiarch x86_64-linux-gnu -D_GNU_SOURCE /usr/share/cmake-3.22/Modules/CMakeCXXCompilerABI.cpp -quiet -dumpdir CMakeFiles/cmTC_4bbfe.dir/ -dumpbase CMakeCXXCompilerABI.cpp.cpp -dumpbase-ext .cpp -mtune=generic -march=x86-64 -version -fasynchronous-unwind-tables -fstack-protector-strong -Wformat -Wformat-security -fstack-clash-protection -fcf-protection -o /tmp/cc6nGCCz.s
GNU C++17 (Ubuntu 13.1.0-8ubuntu1~22.04) version 13.1.0 (x86_64-linux-gnu)
	compiled by GNU C version 13.1.0, GMP version 6.2.1, MPFR version 4.1.0, MPC version 1.2.1, isl version isl-0.24-GMP

GGC heuristics: --param ggc-min-expand=100 --param ggc-min-heapsize=131072
ignoring duplicate directory "/usr/include/x86_64-linux-gnu/c++/13"
ignoring nonexistent directory "/usr/local/include/x86_64-linux-gnu"
ignoring nonexistent directory "/usr/lib/gcc/x86_64-linux-gnu/13/include-fixed/x86_64-linux-gnu"
ignoring nonexistent directory "/usr/lib/gcc/x86_64-linux-gnu/13/include-fixed"
ignoring nonexistent directory "/usr/lib/gcc/x86_64-linux-gnu/13/../../../../x86_64-linux-gnu/include"
ignoring duplicate directory "/usr/local/pmix/include"
ignoring duplicate directory "/usr/local/knem/include"
ignoring duplicate directory "/usr/local/gdrcopy/include"
ignoring duplicate directory "."
#include "..." search starts here:
#include <...> search starts here:
 /usr/local/pmix/include
 /usr/local/knem/include
 /usr/local/gdrcopy/include
 /opt/nvidia/hpc_sdk/Linux_x86_64/23.11/compilers/extras/qd/include/qd
 /opt/nvidia/hpc_sdk/Linux_x86_64/23.11/comm_libs/nvshmem/include
 /opt/nvidia/hpc_sdk/Linux_x86_64/23.11/comm_libs/nccl/include
 /opt/nvidia/hpc_sdk/Linux_x86_64/23.11/math_libs/include
 .
 /usr/include/c++/13
 /usr/include/x86_64-linux-gnu/c++/13
 /usr/include/c++/13/backward
 /usr/lib/gcc/x86_64-linux-gnu/13/include
 /usr/local/include
 /usr/include/x86_64-linux-gnu
 /usr/include
End of search list.
Compiler executable checksum: 17ba618ab81dc4a00b61d8a4550a011c
COLLECT_GCC_OPTIONS='-v' '-o' 'CMakeFiles/cmTC_4bbfe.dir/CMakeCXXCompilerABI.cpp.o' '-c' '-shared-libgcc' '-mtune=generic' '-march=x86-64' '-dumpdir' 'CMakeFiles/cmTC_4bbfe.dir/'
 as -v --64 -o CMakeFiles/cmTC_4bbfe.dir/CMakeCXXCompilerABI.cpp.o /tmp/cc6nGCCz.s
GNU assembler version 2.38 (x86_64-linux-gnu) using BFD version (GNU Binutils for Ubuntu) 2.38
COMPILER_PATH=/usr/libexec/gcc/x86_64-linux-gnu/13/:/usr/libexec/gcc/x86_64-linux-gnu/13/:/usr/libexec/gcc/x86_64-linux-gnu/:/usr/lib/gcc/x86_64-linux-gnu/13/:/usr/lib/gcc/x86_64-linux-gnu/
LIBRARY_PATH=/usr/local/gdrcopy/lib64/../lib/:/usr/local/gdrcopy/lib64/../lib/:/usr/lib/gcc/x86_64-linux-gnu/13/:/usr/lib/gcc/x86_64-linux-gnu/13/../../../x86_64-linux-gnu/:/usr/lib/gcc/x86_64-linux-gnu/13/../../../../lib/:/lib/x86_64-linux-gnu/:/lib/../lib/:/usr/lib/x86_64-linux-gnu/:/usr/lib/../lib/:/usr/local/gdrcopy/lib64/:/usr/local/gdrcopy/lib64/:./:/usr/lib/gcc/x86_64-linux-gnu/13/../../../:/lib/:/usr/lib/
COLLECT_GCC_OPTIONS='-v' '-o' 'CMakeFiles/cmTC_4bbfe.dir/CMakeCXXCompilerABI.cpp.o' '-c' '-shared-libgcc' '-mtune=generic' '-march=x86-64' '-dumpdir' 'CMakeFiles/cmTC_4bbfe.dir/CMakeCXXCompilerABI.cpp.'
[2/2] Linking CXX executable cmTC_4bbfe
Using built-in specs.
COLLECT_GCC=/usr/bin/g++-13
COLLECT_LTO_WRAPPER=/usr/libexec/gcc/x86_64-linux-gnu/13/lto-wrapper
OFFLOAD_TARGET_NAMES=nvptx-none:amdgcn-amdhsa
OFFLOAD_TARGET_DEFAULT=1
Target: x86_64-linux-gnu
Configured with: ../src/configure -v --with-pkgversion='Ubuntu 13.1.0-8ubuntu1~22.04' --with-bugurl=file:///usr/share/doc/gcc-13/README.Bugs --enable-languages=c,ada,c++,go,d,fortran,objc,obj-c++,m2,rust --prefix=/usr --with-gcc-major-version-only --program-suffix=-13 --program-prefix=x86_64-linux-gnu- --enable-shared --enable-linker-build-id --libexecdir=/usr/libexec --without-included-gettext --enable-threads=posix --libdir=/usr/lib --enable-nls --enable-bootstrap --enable-clocale=gnu --enable-libstdcxx-debug --enable-libstdcxx-time=yes --with-default-libstdcxx-abi=new --enable-gnu-unique-object --disable-vtable-verify --enable-plugin --enable-default-pie --with-system-zlib --enable-libphobos-checking=release --with-target-system-zlib=auto --enable-objc-gc=auto --enable-multiarch --disable-werror --enable-cet --with-arch-32=i686 --with-abi=m64 --with-multilib-list=m32,m64,mx32 --enable-multilib --with-tune=generic --enable-offload-targets=nvptx-none=/build/gcc-13-IvzKaI/gcc-13-13.1.0/debian/tmp-nvptx/usr,amdgcn-amdhsa=/build/gcc-13-IvzKaI/gcc-13-13.1.0/debian/tmp-gcn/usr --enable-offload-defaulted --without-cuda-driver --enable-checking=release --build=x86_64-linux-gnu --host=x86_64-linux-gnu --target=x86_64-linux-gnu --with-build-config=bootstrap-lto-lean --enable-link-serialization=2
Thread model: posix
Supported LTO compression algorithms: zlib zstd
gcc version 13.1.0 (Ubuntu 13.1.0-8ubuntu1~22.04) 
COMPILER_PATH=/usr/libexec/gcc/x86_64-linux-gnu/13/:/usr/libexec/gcc/x86_64-linux-gnu/13/:/usr/libexec/gcc/x86_64-linux-gnu/:/usr/lib/gcc/x86_64-linux-gnu/13/:/usr/lib/gcc/x86_64-linux-gnu/
LIBRARY_PATH=/usr/local/gdrcopy/lib64/../lib/:/usr/local/gdrcopy/lib64/../lib/:/usr/lib/gcc/x86_64-linux-gnu/13/:/usr/lib/gcc/x86_64-linux-gnu/13/../../../x86_64-linux-gnu/:/usr/lib/gcc/x86_64-linux-gnu/13/../../../../lib/:/lib/x86_64-linux-gnu/:/lib/../lib/:/usr/lib/x86_64-linux-gnu/:/usr/lib/../lib/:/usr/local/gdrcopy/lib64/:/usr/local/gdrcopy/lib64/:./:/usr/lib/gcc/x86_64-linux-gnu/13/../../../:/lib/:/usr/lib/
COLLECT_GCC_OPTIONS='-v' '-rdynamic' '-o' 'cmTC_4bbfe' '-shared-libgcc' '-mtune=generic' '-march=x86-64' '-dumpdir' 'cmTC_4bbfe.'
 /usr/libexec/gcc/x86_64-linux-gnu/13/collect2 -plugin /usr/libexec/gcc/x86_64-linux-gnu/13/liblto_plugin.so -plugin-opt=/usr/libexec/gcc/x86_64-linux-gnu/13/lto-wrapper -plugin-opt=-fresolution=/tmp/ccPIdp95.res -plugin-opt=-pass-through=-lgcc_s -plugin-opt=-pass-through=-lgcc -plugin-opt=-pass-through=-lc -plugin-opt=-pass-through=-lgcc_s -plugin-opt=-pass-through=-lgcc --build-id --eh-frame-hdr -m elf_x86_64 --hash-style=gnu --as-needed -export-dynamic -dynamic-linker /lib64/ld-linux-x86-64.so.2 -pie -z now -z relro -o cmTC_4bbfe /usr/lib/gcc/x86_64-linux-gnu/13/../../../x86_64-linux-gnu/Scrt1.o /usr/lib/gcc/x86_64-linux-gnu/13/../../../x86_64-linux-gnu/crti.o /usr/lib/gcc/x86_64-linux-gnu/13/crtbeginS.o -L/usr/local/gdrcopy/lib64/../lib -L/usr/local/gdrcopy/lib64/../lib -L/usr/lib/gcc/x86_64-linux-gnu/13 -L/usr/lib/gcc/x86_64-linux-gnu/13/../../../x86_64-linux-gnu -L/usr/lib/gcc/x86_64-linux-gnu/13/../../../../lib -L/lib/x86_64-linux-gnu -L/lib/../lib -L/usr/lib/x86_64-linux-gnu -L/usr/lib/../lib -L/usr/local/gdrcopy/lib64 -L/usr/local/gdrcopy/lib64 -L. -L/usr/lib/gcc/x86_64-linux-gnu/13/../../.. CMakeFiles/cmTC_4bbfe.dir/CMakeCXXCompilerABI.cpp.o -lstdc++ -lm -lgcc_s -lgcc -lc -lgcc_s -lgcc /usr/lib/gcc/x86_64-linux-gnu/13/crtendS.o /usr/lib/gcc/x86_64-linux-gnu/13/../../../x86_64-linux-gnu/crtn.o
COLLECT_GCC_OPTIONS='-v' '-rdynamic' '-o' 'cmTC_4bbfe' '-shared-libgcc' '-mtune=generic' '-march=x86-64' '-dumpdir' 'cmTC_4bbfe.'



Parsed CXX implicit include dir info from above output: rv=done
  found start of include info
  found start of implicit include info
    add: [/usr/local/pmix/include]
    add: [/usr/local/knem/include]
    add: [/usr/local/gdrcopy/include]
    add: [/opt/nvidia/hpc_sdk/Linux_x86_64/23.11/compilers/extras/qd/include/qd]
    add: [/opt/nvidia/hpc_sdk/Linux_x86_64/23.11/comm_libs/nvshmem/include]
    add: [/opt/nvidia/hpc_sdk/Linux_x86_64/23.11/comm_libs/nccl/include]
    add: [/opt/nvidia/hpc_sdk/Linux_x86_64/23.11/math_libs/include]
    add: [.]
    add: [/usr/include/c++/13]
    add: [/usr/include/x86_64-linux-gnu/c++/13]
    add: [/usr/include/c++/13/backward]
    add: [/usr/lib/gcc/x86_64-linux-gnu/13/include]
    add: [/usr/local/include]
    add: [/usr/include/x86_64-linux-gnu]
    add: [/usr/include]
  end of search list found
  collapse include dir [/usr/local/pmix/include] ==> [/usr/local/pmix/include]
  collapse include dir [/usr/local/knem/include] ==> [/usr/local/knem/include]
  collapse include dir [/usr/local/gdrcopy/include] ==> [/usr/local/gdrcopy/include]
  collapse include dir [/opt/nvidia/hpc_sdk/Linux_x86_64/23.11/compilers/extras/qd/include/qd] ==> [/opt/nvidia/hpc_sdk/Linux_x86_64/23.11/compilers/extras/qd/include/qd]
  collapse include dir [/opt/nvidia/hpc_sdk/Linux_x86_64/23.11/comm_libs/nvshmem/include] ==> [/opt/nvidia/hpc_sdk/Linux_x86_64/23.11/comm_libs/nvshmem/include]
  collapse include dir [/opt/nvidia/hpc_sdk/Linux_x86_64/23.11/comm_libs/nccl/include] ==> [/opt/nvidia/hpc_sdk/Linux_x86_64/23.11/comm_libs/nccl/include]
  collapse include dir [/opt/nvidia/hpc_sdk/Linux_x86_64/23.11/math_libs/include] ==> [/opt/nvidia/hpc_sdk/Linux_x86_64/23.11/math_libs/include]
  skipping relative include dir [.]
  collapse include dir [/usr/include/c++/13] ==> [/usr/include/c++/13]
  collapse include dir [/usr/include/x86_64-linux-gnu/c++/13] ==> [/usr/include/x86_64-linux-gnu/c++/13]
  collapse include dir [/usr/include/c++/13/backward] ==> [/usr/include/c++/13/backward]
  collapse include dir [/usr/lib/gcc/x86_64-linux-gnu/13/include] ==> [/usr/lib/gcc/x86_64-linux-gnu/13/include]
  collapse include dir [/usr/local/include] ==> [/usr/local/include]
  collapse include dir [/usr/include/x86_64-linux-gnu] ==> [/usr/include/x86_64-linux-gnu]
  collapse include dir [/usr/include] ==> [/usr/include]
  implicit include dirs: [/usr/local/pmix/include;/usr/local/knem/include;/usr/local/gdrcopy/include;/opt/nvidia/hpc_sdk/Linux_x86_64/23.11/compilers/extras/qd/include/qd;/opt/nvidia/hpc_sdk/Linux_x86_64/23.11/comm_libs/nvshmem/include;/opt/nvidia/hpc_sdk/Linux_x86_64/23.11/comm_libs/nccl/include;/opt/nvidia/hpc_sdk/Linux_x86_64/23.11/math_libs/include;/usr/include/c++/13;/usr/include/x86_64-linux-gnu/c++/13;/usr/include/c++/13/backward;/usr/lib/gcc/x86_64-linux-gnu/13/include;/usr/local/include;/usr/include/x86_64-linux-gnu;/usr/include]


Parsed CXX implicit link information from above output:
  link line regex: [^( *|.*[/\])(ld|CMAKE_LINK_STARTFILE-NOTFOUND|([^/\]+-)?ld|collect2)[^/\]*( |$)]
  ignore line: [Change Dir: /home/n.shestakov/Parallelizm_NSU/task2/build/CMakeFiles/CMakeTmp]
  ignore line: []
  ignore line: [Run Build Command(s):/usr/bin/ninja cmTC_4bbfe && [1/2] Building CXX object CMakeFiles/cmTC_4bbfe.dir/CMakeCXXCompilerABI.cpp.o]
  ignore line: [Using built-in specs.]
  ignore line: [COLLECT_GCC=/usr/bin/g++-13]
  ignore line: [OFFLOAD_TARGET_NAMES=nvptx-none:amdgcn-amdhsa]
  ignore line: [OFFLOAD_TARGET_DEFAULT=1]
  ignore line: [Target: x86_64-linux-gnu]
  ignore line: [Configured with: ../src/configure -v --with-pkgversion='Ubuntu 13.1.0-8ubuntu1~22.04' --with-bugurl=file:///usr/share/doc/gcc-13/README.Bugs --enable-languages=c ada c++ go d fortran objc obj-c++ m2 rust --prefix=/usr --with-gcc-major-version-only --program-suffix=-13 --program-prefix=x86_64-linux-gnu- --enable-shared --enable-linker-build-id --libexecdir=/usr/libexec --without-included-gettext --enable-threads=posix --libdir=/usr/lib --enable-nls --enable-bootstrap --enable-clocale=gnu --enable-libstdcxx-debug --enable-libstdcxx-time=yes --with-default-libstdcxx-abi=new --enable-gnu-unique-object --disable-vtable-verify --enable-plugin --enable-default-pie --with-system-zlib --enable-libphobos-checking=release --with-target-system-zlib=auto --enable-objc-gc=auto --enable-multiarch --disable-werror --enable-cet --with-arch-32=i686 --with-abi=m64 --with-multilib-list=m32 m64 mx32 --enable-multilib --with-tune=generic --enable-offload-targets=nvptx-none=/build/gcc-13-IvzKaI/gcc-13-13.1.0/debian/tmp-nvptx/usr amdgcn-amdhsa=/build/gcc-13-IvzKaI/gcc-13-13.1.0/debian/tmp-gcn/usr --enable-offload-defaulted --without-cuda-driver --enable-checking=release --build=x86_64-linux-gnu --host=x86_64-linux-gnu --target=x86_64-linux-gnu --with-build-config=bootstrap-lto-lean --enable-link-serialization=2]
  ignore line: [Thread model: posix]
  ignore line: [Supported LTO compression algorithms: zlib zstd]
  ignore line: [gcc version 13.1.0 (Ubuntu 13.1.0-8ubuntu1~22.04) ]
  ignore line: [COLLECT_GCC_OPTIONS='-v' '-o' 'CMakeFiles/cmTC_4bbfe.dir/CMakeCXXCompilerABI.cpp.o' '-c' '-shared-libgcc' '-mtune=generic' '-march=x86-64' '-dumpdir' 'CMakeFiles/cmTC_4bbfe.dir/']
  ignore line: [ /usr/libexec/gcc/x86_64-linux-gnu/13/cc1plus -quiet -v -imultiarch x86_64-linux-gnu -D_GNU_SOURCE /usr/share/cmake-3.22/Modules/CMakeCXXCompilerABI.cpp -quiet -dumpdir CMakeFiles/cmTC_4bbfe.dir/ -dumpbase CMakeCXXCompilerABI.cpp.cpp -dumpbase-ext .cpp -mtune=generic -march=x86-64 -version -fasynchronous-unwind-tables -fstack-protector-strong -Wformat -Wformat-security -fstack-clash-protection -fcf-protection -o /tmp/cc6nGCCz.s]
  ignore line: [GNU C++17 (Ubuntu 13.1.0-8ubuntu1~22.04) version 13.1.0 (x86_64-linux-gnu)]
  ignore line: [	compiled by GNU C version 13.1.0  GMP version 6.2.1  MPFR version 4.1.0  MPC version 1.2.1  isl version isl-0.24-GMP]
  ignore line: []
  ignore line: [GGC heuristics: --param ggc-min-expand=100 --param ggc-min-heapsize=131072]
  ignore line: [ignoring duplicate directory "/usr/include/x86_64-linux-gnu/c++/13"]
  ignore line: [ignoring nonexistent directory "/usr/local/include/x86_64-linux-gnu"]
  ignore line: [ignoring nonexistent directory "/usr/lib/gcc/x86_64-linux-gnu/13/include-fixed/x86_64-linux-gnu"]
  ignore line: [ignoring nonexistent directory "/usr/lib/gcc/x86_64-linux-gnu/13/include-fixed"]
  ignore line: [ignoring nonexistent directory "/usr/lib/gcc/x86_64-linux-gnu/13/../../../../x86_64-linux-gnu/include"]
  ignore line: [ignoring duplicate directory "/usr/local/pmix/include"]
  ignore line: [ignoring duplicate directory "/usr/local/knem/include"]
  ignore line: [ignoring duplicate directory "/usr/local/gdrcopy/include"]
  ignore line: [ignoring duplicate directory "."]
  ignore line: [#include "..." search starts here:]
  ignore line: [#include <...> search starts here:]
  ignore line: [ /usr/local/pmix/include]
  ignore line: [ /usr/local/knem/include]
  ignore line: [ /usr/local/gdrcopy/include]
  ignore line: [ /opt/nvidia/hpc_sdk/Linux_x86_64/23.11/compilers/extras/qd/include/qd]
  ignore line: [ /opt/nvidia/hpc_sdk/Linux_x86_64/23.11/comm_libs/nvshmem/include]
  ignore line: [ /opt/nvidia/hpc_sdk/Linux_x86_64/23.11/comm_libs/nccl/include]
  ignore line: [ /opt/nvidia/hpc_sdk/Linux_x86_64/23.11/math_libs/include]
  ignore line: [ .]
  ignore line: [ /usr/include/c++/13]
  ignore line: [ /usr/include/x86_64-linux-gnu/c++/13]
  ignore line: [ /usr/include/c++/13/backward]
  ignore line: [ /usr/lib/gcc/x86_64-linux-gnu/13/include]
  ignore line: [ /usr/local/include]
  ignore line: [ /usr/include/x86_64-linux-gnu]
  ignore line: [ /usr/include]
  ignore line: [End of search list.]
  ignore line: [Compiler executable checksum: 17ba618ab81dc4a00b61d8a4550a011c]
  ignore line: [COLLECT_GCC_OPTIONS='-v' '-o' 'CMakeFiles/cmTC_4bbfe.dir/CMakeCXXCompilerABI.cpp.o' '-c' '-shared-libgcc' '-mtune=generic' '-march=x86-64' '-dumpdir' 'CMakeFiles/cmTC_4bbfe.dir/']
  ignore line: [ as -v --64 -o CMakeFiles/cmTC_4bbfe.dir/CMakeCXXCompilerABI.cpp.o /tmp/cc6nGCCz.s]
  ignore line: [GNU assembler version 2.38 (x86_64-linux-gnu) using BFD version (GNU Binutils for Ubuntu) 2.38]
  ignore line: [COMPILER_PATH=/usr/libexec/gcc/x86_64-linux-gnu/13/:/usr/libexec/gcc/x86_64-linux-gnu/13/:/usr/libexec/gcc/x86_64-linux-gnu/:/usr/lib/gcc/x86_64-linux-gnu/13/:/usr/lib/gcc/x86_64-linux-gnu/]
  ignore line: [LIBRARY_PATH=/usr/local/gdrcopy/lib64/../lib/:/usr/local/gdrcopy/lib64/../lib/:/usr/lib/gcc/x86_64-linux-gnu/13/:/usr/lib/gcc/x86_64-linux-gnu/13/../../../x86_64-linux-gnu/:/usr/lib/gcc/x86_64-linux-gnu/13/../../../../lib/:/lib/x86_64-linux-gnu/:/lib/../lib/:/usr/lib/x86_64-linux-gnu/:/usr/lib/../lib/:/usr/local/gdrcopy/lib64/:/usr/local/gdrcopy/lib64/:./:/usr/lib/gcc/x86_64-linux-gnu/13/../../../:/lib/:/usr/lib/]
  ignore line: [COLLECT_GCC_OPTIONS='-v' '-o' 'CMakeFiles/cmTC_4bbfe.dir/CMakeCXXCompilerABI.cpp.o' '-c' '-shared-libgcc' '-mtune=generic' '-march=x86-64' '-dumpdir' 'CMakeFiles/cmTC_4bbfe.dir/CMakeCXXCompilerABI.cpp.']
  ignore line: [[2/2] Linking CXX executable cmTC_4bbfe]
  ignore line: [Using built-in specs.]
  ignore line: [COLLECT_GCC=/usr/bin/g++-13]
  ignore line: [COLLECT_LTO_WRAPPER=/usr/libexec/gcc/x86_64-linux-gnu/13/lto-wrapper]
  ignore line: [OFFLOAD_TARGET_NAMES=nvptx-none:amdgcn-amdhsa]
  ignore line: [OFFLOAD_TARGET_DEFAULT=1]
  ignore line: [Target: x86_64-linux-gnu]
  ignore line: [Configured with: ../src/configure -v --with-pkgversion='Ubuntu 13.1.0-8ubuntu1~22.04' --with-bugurl=file:///usr/share/doc/gcc-13/README.Bugs --enable-languages=c ada c++ go d fortran objc obj-c++ m2 rust --prefix=/usr --with-gcc-major-version-only --program-suffix=-13 --program-prefix=x86_64-linux-gnu- --enable-shared --enable-linker-build-id --libexecdir=/usr/libexec --without-included-gettext --enable-threads=posix --libdir=/usr/lib --enable-nls --enable-bootstrap --enable-clocale=gnu --enable-libstdcxx-debug --enable-libstdcxx-time=yes --with-default-libstdcxx-abi=new --enable-gnu-unique-object --disable-vtable-verify --enable-plugin --enable-default-pie --with-system-zlib --enable-libphobos-checking=release --with-target-system-zlib=auto --enable-objc-gc=auto --enable-multiarch --disable-werror --enable-cet --with-arch-32=i686 --with-abi=m64 --with-multilib-list=m32 m64 mx32 --enable-multilib --with-tune=generic --enable-offload-targets=nvptx-none=/build/gcc-13-IvzKaI/gcc-13-13.1.0/debian/tmp-nvptx/usr amdgcn-amdhsa=/build/gcc-13-IvzKaI/gcc-13-13.1.0/debian/tmp-gcn/usr --enable-offload-defaulted --without-cuda-driver --enable-checking=release --build=x86_64-linux-gnu --host=x86_64-linux-gnu --target=x86_64-linux-gnu --with-build-config=bootstrap-lto-lean --enable-link-serialization=2]
  ignore line: [Thread model: posix]
  ignore line: [Supported LTO compression algorithms: zlib zstd]
  ignore line: [gcc version 13.1.0 (Ubuntu 13.1.0-8ubuntu1~22.04) ]
  ignore line: [COMPILER_PATH=/usr/libexec/gcc/x86_64-linux-gnu/13/:/usr/libexec/gcc/x86_64-linux-gnu/13/:/usr/libexec/gcc/x86_64-linux-gnu/:/usr/lib/gcc/x86_64-linux-gnu/13/:/usr/lib/gcc/x86_64-linux-gnu/]
  ignore line: [LIBRARY_PATH=/usr/local/gdrcopy/lib64/../lib/:/usr/local/gdrcopy/lib64/../lib/:/usr/lib/gcc/x86_64-linux-gnu/13/:/usr/lib/gcc/x86_64-linux-gnu/13/../../../x86_64-linux-gnu/:/usr/lib/gcc/x86_64-linux-gnu/13/../../../../lib/:/lib/x86_64-linux-gnu/:/lib/../lib/:/usr/lib/x86_64-linux-gnu/:/usr/lib/../lib/:/usr/local/gdrcopy/lib64/:/usr/local/gdrcopy/lib64/:./:/usr/lib/gcc/x86_64-linux-gnu/13/../../../:/lib/:/usr/lib/]
  ignore line: [COLLECT_GCC_OPTIONS='-v' '-rdynamic' '-o' 'cmTC_4bbfe' '-shared-libgcc' '-mtune=generic' '-march=x86-64' '-dumpdir' 'cmTC_4bbfe.']
  link line: [ /usr/libexec/gcc/x86_64-linux-gnu/13/collect2 -plugin /usr/libexec/gcc/x86_64-linux-gnu/13/liblto_plugin.so -plugin-opt=/usr/libexec/gcc/x86_64-linux-gnu/13/lto-wrapper -plugin-opt=-fresolution=/tmp/ccPIdp95.res -plugin-opt=-pass-through=-lgcc_s -plugin-opt=-pass-through=-lgcc -plugin-opt=-pass-through=-lc -plugin-opt=-pass-through=-lgcc_s -plugin-opt=-pass-through=-lgcc --build-id --eh-frame-hdr -m elf_x86_64 --hash-style=gnu --as-needed -export-dynamic -dynamic-linker /lib64/ld-linux-x86-64.so.2 -pie -z now -z relro -o cmTC_4bbfe /usr/lib/gcc/x86_64-linux-gnu/13/../../../x86_64-linux-gnu/Scrt1.o /usr/lib/gcc/x86_64-linux-gnu/13/../../../x86_64-linux-gnu/crti.o /usr/lib/gcc/x86_64-linux-gnu/13/crtbeginS.o -L/usr/local/gdrcopy/lib64/../lib -L/usr/local/gdrcopy/lib64/../lib -L/usr/lib/gcc/x86_64-linux-gnu/13 -L/usr/lib/gcc/x86_64-linux-gnu/13/../../../x86_64-linux-gnu -L/usr/lib/gcc/x86_64-linux-gnu/13/../../../../lib -L/lib/x86_64-linux-gnu -L/lib/../lib -L/usr/lib/x86_64-linux-gnu -L/usr/lib/../lib -L/usr/local/gdrcopy/lib64 -L/usr/local/gdrcopy/lib64 -L. -L/usr/lib/gcc/x86_64-linux-gnu/13/../../.. CMakeFiles/cmTC_4bbfe.dir/CMakeCXXCompilerABI.cpp.o -lstdc++ -lm -lgcc_s -lgcc -lc -lgcc_s -lgcc /usr/lib/gcc/x86_64-linux-gnu/13/crtendS.o /usr/lib/gcc/x86_64-linux-gnu/13/../../../x86_64-linux-gnu/crtn.o]
    arg [/usr/libexec/gcc/x86_64-linux-gnu/13/collect2] ==> ignore
    arg [-plugin] ==> ignore
    arg [/usr/libexec/gcc/x86_64-linux-gnu/13/liblto_plugin.so] ==> ignore
    arg [-plugin-opt=/usr/libexec/gcc/x86_64-linux-gnu/13/lto-wrapper] ==> ignore
    arg [-plugin-opt=-fresolution=/tmp/ccPIdp95.res] ==> ignore
    arg [-plugin-opt=-pass-through=-lgcc_s] ==> ignore
    arg [-plugin-opt=-pass-through=-lgcc] ==> ignore
    arg [-plugin-opt=-pass-through=-lc] ==> ignore
    arg [-plugin-opt=-pass-through=-lgcc_s] ==> ignore
    arg [-plugin-opt=-pass-through=-lgcc] ==> ignore
    arg [--build-id] ==> ignore
    arg [--eh-frame-hdr] ==> ignore
    arg [-m] ==> ignore
    arg [elf_x86_64] ==> ignore
    arg [--hash-style=gnu] ==> ignore
    arg [--as-needed] ==> ignore
    arg [-export-dynamic] ==> ignore
    arg [-dynamic-linker] ==> ignore
    arg [/lib64/ld-linux-x86-64.so.2] ==> ignore
    arg [-pie] ==> ignore
    arg [-znow] ==> ignore
    arg [-zrelro] ==> ignore
    arg [-o] ==> ignore
    arg [cmTC_4bbfe] ==> ignore
    arg [/usr/lib/gcc/x86_64-linux-gnu/13/../../../x86_64-linux-gnu/Scrt1.o] ==> obj [/usr/lib/gcc/x86_64-linux-gnu/13/../../../x86_64-linux-gnu/Scrt1.o]
    arg [/usr/lib/gcc/x86_64-linux-gnu/13/../../../x86_64-linux-gnu/crti.o] ==> obj [/usr/lib/gcc/x86_64-linux-gnu/13/../../../x86_64-linux-gnu/crti.o]
    arg [/usr/lib/gcc/x86_64-linux-gnu/13/crtbeginS.o] ==> obj [/usr/lib/gcc/x86_64-linux-gnu/13/crtbeginS.o]
    arg [-L/usr/local/gdrcopy/lib64/../lib] ==> dir [/usr/local/gdrcopy/lib64/../lib]
    arg [-L/usr/local/gdrcopy/lib64/../lib] ==> dir [/usr/local/gdrcopy/lib64/../lib]
    arg [-L/usr/lib/gcc/x86_64-linux-gnu/13] ==> dir [/usr/lib/gcc/x86_64-linux-gnu/13]
    arg [-L/usr/lib/gcc/x86_64-linux-gnu/13/../../../x86_64-linux-gnu] ==> dir [/usr/lib/gcc/x86_64-linux-gnu/13/../../../x86_64-linux-gnu]
    arg [-L/usr/lib/gcc/x86_64-linux-gnu/13/../../../../lib] ==> dir [/usr/lib/gcc/x86_64-linux-gnu/13/../../../../lib]
    arg [-L/lib/x86_64-linux-gnu] ==> dir [/lib/x86_64-linux-gnu]
    arg [-L/lib/../lib] ==> dir [/lib/../lib]
    arg [-L/usr/lib/x86_64-linux-gnu] ==> dir [/usr/lib/x86_64-linux-gnu]
    arg [-L/usr/lib/../lib] ==> dir [/usr/lib/../lib]
    arg [-L/usr/local/gdrcopy/lib64] ==> dir [/usr/local/gdrcopy/lib64]
    arg [-L/usr/local/gdrcopy/lib64] ==> dir [/usr/local/gdrcopy/lib64]
    arg [-L.] ==> ignore
    arg [-L/usr/lib/gcc/x86_64-linux-gnu/13/../../..] ==> dir [/usr/lib/gcc/x86_64-linux-gnu/13/../../..]
    arg [CMakeFiles/cmTC_4bbfe.dir/CMakeCXXCompilerABI.cpp.o] ==> ignore
    arg [-lstdc++] ==> lib [stdc++]
    arg [-lm] ==> lib [m]
    arg [-lgcc_s] ==> lib [gcc_s]
    arg [-lgcc] ==> lib [gcc]
    arg [-lc] ==> lib [c]
    arg [-lgcc_s] ==> lib [gcc_s]
    arg [-lgcc] ==> lib [gcc]
    arg [/usr/lib/gcc/x86_64-linux-gnu/13/crtendS.o] ==> obj [/usr/lib/gcc/x86_64-linux-gnu/13/crtendS.o]
    arg [/usr/lib/gcc/x86_64-linux-gnu/13/../../../x86_64-linux-gnu/crtn.o] ==> obj [/usr/lib/gcc/x86_64-linux-gnu/13/../../../x86_64-linux-gnu/crtn.o]
  collapse obj [/usr/lib/gcc/x86_64-linux-gnu/13/../../../x86_64-linux-gnu/Scrt1.o] ==> [/usr/lib/x86_64-linux-gnu/Scrt1.o]
  collapse obj [/usr/lib/gcc/x86_64-linux-gnu/13/../../../x86_64-linux-gnu/crti.o] ==> [/usr/lib/x86_64-linux-gnu/crti.o]
  collapse obj [/usr/lib/gcc/x86_64-linux-gnu/13/../../../x86_64-linux-gnu/crtn.o] ==> [/usr/lib/x86_64-linux-gnu/crtn.o]
  collapse library dir [/usr/local/gdrcopy/lib64/../lib] ==> [/usr/local/gdrcopy/lib]
  collapse library dir [/usr/local/gdrcopy/lib64/../lib] ==> [/usr/local/gdrcopy/lib]
  collapse library dir [/usr/lib/gcc/x86_64-linux-gnu/13] ==> [/usr/lib/gcc/x86_64-linux-gnu/13]
  collapse library dir [/usr/lib/gcc/x86_64-linux-gnu/13/../../../x86_64-linux-gnu] ==> [/usr/lib/x86_64-linux-gnu]
  collapse library dir [/usr/lib/gcc/x86_64-linux-gnu/13/../../../../lib] ==> [/usr/lib]
  collapse library dir [/lib/x86_64-linux-gnu] ==> [/lib/x86_64-linux-gnu]
  collapse library dir [/lib/../lib] ==> [/lib]
  collapse library dir [/usr/lib/x86_64-linux-gnu] ==> [/usr/lib/x86_64-linux-gnu]
  collapse library dir [/usr/lib/../lib] ==> [/usr/lib]
  collapse library dir [/usr/local/gdrcopy/lib64] ==> [/usr/local/gdrcopy/lib64]
  collapse library dir [/usr/local/gdrcopy/lib64] ==> [/usr/local/gdrcopy/lib64]
  collapse library dir [/usr/lib/gcc/x86_64-linux-gnu/13/../../..] ==> [/usr/lib]
  implicit libs: [stdc++;m;gcc_s;gcc;c;gcc_s;gcc]
  implicit objs: [/usr/lib/x86_64-linux-gnu/Scrt1.o;/usr/lib/x86_64-linux-gnu/crti.o;/usr/lib/gcc/x86_64-linux-gnu/13/crtbeginS.o;/usr/lib/gcc/x86_64-linux-gnu/13/crtendS.o;/usr/lib/x86_64-linux-gnu/crtn.o]
  implicit dirs: [/usr/local/gdrcopy/lib;/usr/lib/gcc/x86_64-linux-gnu/13;/usr/lib/x86_64-linux-gnu;/usr/lib;/lib/x86_64-linux-gnu;/lib;/usr/local/gdrcopy/lib64]
  implicit fwks: []


